<?xml version="1.0" encoding="UTF-8"?>
<testsuites>
  <testsuite name="" tests="2921" assertions="12047" failures="4" errors="0" time="773.861218">
    <testsuite name="Tests_Actions" file="C:\svn\wordpress-develop\tests\phpunit\tests\actions.php" tests="17" assertions="73" failures="0" errors="0" time="0.918255">
      <testcase name="test_simple_action" class="Tests_Actions" file="C:\svn\wordpress-develop\tests\phpunit\tests\actions.php" line="10" assertions="3" time="0.133950"/>
      <testcase name="test_remove_action" class="Tests_Actions" file="C:\svn\wordpress-develop\tests\phpunit\tests\actions.php" line="27" assertions="4" time="0.047051"/>
      <testcase name="test_has_action" class="Tests_Actions" file="C:\svn\wordpress-develop\tests\phpunit\tests\actions.php" line="46" assertions="6" time="0.046136"/>
      <testcase name="test_multiple_actions" class="Tests_Actions" file="C:\svn\wordpress-develop\tests\phpunit\tests\actions.php" line="61" assertions="2" time="0.043992"/>
      <testcase name="test_action_args_1" class="Tests_Actions" file="C:\svn\wordpress-develop\tests\phpunit\tests\actions.php" line="77" assertions="2" time="0.046118"/>
      <testcase name="test_action_args_2" class="Tests_Actions" file="C:\svn\wordpress-develop\tests\phpunit\tests\actions.php" line="92" assertions="4" time="0.048405"/>
      <testcase name="test_action_priority" class="Tests_Actions" file="C:\svn\wordpress-develop\tests\phpunit\tests\actions.php" line="117" assertions="2" time="0.050427"/>
      <testcase name="test_did_action" class="Tests_Actions" file="C:\svn\wordpress-develop\tests\phpunit\tests\actions.php" line="146" assertions="4" time="0.045805"/>
      <testcase name="test_all_action" class="Tests_Actions" file="C:\svn\wordpress-develop\tests\phpunit\tests\actions.php" line="166" assertions="4" time="0.059659"/>
      <testcase name="test_remove_all_action" class="Tests_Actions" file="C:\svn\wordpress-develop\tests\phpunit\tests\actions.php" line="190" assertions="6" time="0.049199"/>
      <testcase name="test_action_ref_array" class="Tests_Actions" file="C:\svn\wordpress-develop\tests\phpunit\tests\actions.php" line="210" assertions="2" time="0.043757"/>
      <testcase name="test_action_keyed_array" class="Tests_Actions" file="C:\svn\wordpress-develop\tests\phpunit\tests\actions.php" line="229" assertions="2" time="0.042773"/>
      <testcase name="test_action_self_removal" class="Tests_Actions" file="C:\svn\wordpress-develop\tests\phpunit\tests\actions.php" line="250" assertions="1" time="0.044523"/>
      <testcase name="test_current_action" class="Tests_Actions" file="C:\svn\wordpress-develop\tests\phpunit\tests\actions.php" line="265" assertions="1" time="0.076241"/>
      <testcase name="test_doing_filter" class="Tests_Actions" file="C:\svn\wordpress-develop\tests\phpunit\tests\actions.php" line="276" assertions="5" time="0.050853"/>
      <testcase name="test_doing_action" class="Tests_Actions" file="C:\svn\wordpress-develop\tests\phpunit\tests\actions.php" line="295" assertions="5" time="0.042200"/>
      <testcase name="test_doing_filter_real" class="Tests_Actions" file="C:\svn\wordpress-develop\tests\phpunit\tests\actions.php" line="314" assertions="20" time="0.047167"/>
    </testsuite>
    <testsuite name="Tests_Actions_Callbacks" file="C:\svn\wordpress-develop\tests\phpunit\tests\actions\callbacks.php" tests="1" assertions="3" failures="0" errors="0" time="0.045543">
      <testcase name="test_callback_representations" class="Tests_Actions_Callbacks" file="C:\svn\wordpress-develop\tests\phpunit\tests\actions\callbacks.php" line="11" assertions="3" time="0.045543"/>
    </testsuite>
    <testsuite name="Tests_Admin_includesFile" file="C:\svn\wordpress-develop\tests\phpunit\tests\admin\includesFile.php" tests="1" assertions="4" failures="0" errors="0" time="0.169963">
      <testcase name="test_get_home_path" class="Tests_Admin_includesFile" file="C:\svn\wordpress-develop\tests\phpunit\tests\admin\includesFile.php" line="16" assertions="4" time="0.169963"/>
    </testsuite>
    <testsuite name="Tests_Admin_includesMisc" file="C:\svn\wordpress-develop\tests\phpunit\tests\admin\includesMisc.php" tests="1" assertions="6" failures="0" errors="0" time="0.058178">
      <testcase name="test_shorten_url" class="Tests_Admin_includesMisc" file="C:\svn\wordpress-develop\tests\phpunit\tests\admin\includesMisc.php" line="7" assertions="6" time="0.058178"/>
    </testsuite>
    <testsuite name="Tests_Admin_includesPlugin" file="C:\svn\wordpress-develop\tests\phpunit\tests\admin\includesPlugin.php" tests="6" assertions="31" failures="0" errors="0" time="0.872919">
      <testcase name="test_get_plugin_data" class="Tests_Admin_includesPlugin" file="C:\svn\wordpress-develop\tests\phpunit\tests\admin\includesPlugin.php" line="7" assertions="19" time="0.064537"/>
      <testcase name="test_menu_page_url" class="Tests_Admin_includesPlugin" file="C:\svn\wordpress-develop\tests\phpunit\tests\admin\includesPlugin.php" line="30" assertions="8" time="0.485545"/>
      <testcase name="test_is_plugin_active_true" class="Tests_Admin_includesPlugin" file="C:\svn\wordpress-develop\tests\phpunit\tests\admin\includesPlugin.php" line="80" assertions="1" time="0.106529"/>
      <testcase name="test_is_plugin_active_false" class="Tests_Admin_includesPlugin" file="C:\svn\wordpress-develop\tests\phpunit\tests\admin\includesPlugin.php" line="86" assertions="1" time="0.054013"/>
      <testcase name="test_is_plugin_inactive_true" class="Tests_Admin_includesPlugin" file="C:\svn\wordpress-develop\tests\phpunit\tests\admin\includesPlugin.php" line="92" assertions="1" time="0.043327"/>
      <testcase name="test_is_plugin_inactive_false" class="Tests_Admin_includesPlugin" file="C:\svn\wordpress-develop\tests\phpunit\tests\admin\includesPlugin.php" line="98" assertions="1" time="0.118968"/>
    </testsuite>
    <testsuite name="Tests_Admin_includesPost" file="C:\svn\wordpress-develop\tests\phpunit\tests\admin\includesPost.php" tests="4" assertions="30" failures="0" errors="0" time="3.525881">
      <testcase name="test__wp_translate_postdata_cap_checks_contributor" class="Tests_Admin_includesPost" file="C:\svn\wordpress-develop\tests\phpunit\tests\admin\includesPost.php" line="13" assertions="12" time="0.586385"/>
      <testcase name="test__wp_translate_postdata_cap_checks_editor" class="Tests_Admin_includesPost" file="C:\svn\wordpress-develop\tests\phpunit\tests\admin\includesPost.php" line="66" assertions="12" time="1.459612"/>
      <testcase name="test_edit_post_auto_draft" class="Tests_Admin_includesPost" file="C:\svn\wordpress-develop\tests\phpunit\tests\admin\includesPost.php" line="124" assertions="2" time="0.441141"/>
      <testcase name="test_bulk_edit_posts_stomping" class="Tests_Admin_includesPost" file="C:\svn\wordpress-develop\tests\phpunit\tests\admin\includesPost.php" line="142" assertions="4" time="1.038743"/>
    </testsuite>
    <testsuite name="Tests_Admin_includesScreen" file="C:\svn\wordpress-develop\tests\phpunit\tests\admin\includesScreen.php" tests="9" assertions="300" failures="0" errors="0" time="0.173718">
      <testcase name="test_set_current_screen_with_hook_suffix" class="Tests_Admin_includesScreen" file="C:\svn\wordpress-develop\tests\phpunit\tests\admin\includesScreen.php" line="45" assertions="254" time="0.100396"/>
      <testcase name="test_post_type_as_hookname" class="Tests_Admin_includesScreen" file="C:\svn\wordpress-develop\tests\phpunit\tests\admin\includesScreen.php" line="94" assertions="3" time="0.005918"/>
      <testcase name="test_post_type_with_special_suffix_as_hookname" class="Tests_Admin_includesScreen" file="C:\svn\wordpress-develop\tests\phpunit\tests\admin\includesScreen.php" line="101" assertions="6" time="0.011232"/>
      <testcase name="test_taxonomy_with_special_suffix_as_hookname" class="Tests_Admin_includesScreen" file="C:\svn\wordpress-develop\tests\phpunit\tests\admin\includesScreen.php" line="114" assertions="3" time="0.008629"/>
      <testcase name="test_post_type_with_edit_prefix" class="Tests_Admin_includesScreen" file="C:\svn\wordpress-develop\tests\phpunit\tests\admin\includesScreen.php" line="122" assertions="6" time="0.011293"/>
      <testcase name="test_post_type_edit_collisions" class="Tests_Admin_includesScreen" file="C:\svn\wordpress-develop\tests\phpunit\tests\admin\includesScreen.php" line="135" assertions="4" time="0.012257"/>
      <testcase name="test_help_tabs" class="Tests_Admin_includesScreen" file="C:\svn\wordpress-develop\tests\phpunit\tests\admin\includesScreen.php" line="155" assertions="4" time="0.011435"/>
      <testcase name="test_options" class="Tests_Admin_includesScreen" file="C:\svn\wordpress-develop\tests\phpunit\tests\admin\includesScreen.php" line="181" assertions="4" time="0.006964"/>
      <testcase name="test_in_admin" class="Tests_Admin_includesScreen" file="C:\svn\wordpress-develop\tests\phpunit\tests\admin\includesScreen.php" line="204" assertions="16" time="0.005594"/>
    </testsuite>
    <testsuite name="Tests_Admin_includesTemplate" file="C:\svn\wordpress-develop\tests\phpunit\tests\admin\includesTemplate.php" tests="2" assertions="26" failures="0" errors="0" time="0.112839">
      <testcase name="test_equal" class="Tests_Admin_includesTemplate" file="C:\svn\wordpress-develop\tests\phpunit\tests\admin\includesTemplate.php" line="6" assertions="20" time="0.063692"/>
      <testcase name="test_notequal" class="Tests_Admin_includesTemplate" file="C:\svn\wordpress-develop\tests\phpunit\tests\admin\includesTemplate.php" line="38" assertions="6" time="0.049147"/>
    </testsuite>
    <testsuite name="Tests_Admin_includesTheme" file="C:\svn\wordpress-develop\tests\phpunit\tests\admin\includesTheme.php" tests="1" assertions="10" failures="0" errors="0" time="0.608732">
      <testcase name="test_page_templates" class="Tests_Admin_includesTheme" file="C:\svn\wordpress-develop\tests\phpunit\tests\admin\includesTheme.php" line="45" assertions="10" time="0.608732"/>
    </testsuite>
    <testsuite name="Tests_AdminBar" file="C:\svn\wordpress-develop\tests\phpunit\tests\adminbar.php" tests="2" assertions="4" failures="0" errors="0" time="0.596791">
      <testcase name="test_content_post_type" class="Tests_AdminBar" file="C:\svn\wordpress-develop\tests\phpunit\tests\adminbar.php" line="29" assertions="2" time="0.285899"/>
      <testcase name="test_merging_existing_meta_values" class="Tests_AdminBar" file="C:\svn\wordpress-develop\tests\phpunit\tests\adminbar.php" line="46" assertions="2" time="0.310892"/>
    </testsuite>
    <testsuite name="Tests_Attachment_Slashes" file="C:\svn\wordpress-develop\tests\phpunit\tests\attachment\slashes.php" tests="1" assertions="6" failures="0" errors="0" time="0.316459">
      <testcase name="test_wp_insert_attachment" class="Tests_Attachment_Slashes" file="C:\svn\wordpress-develop\tests\phpunit\tests\attachment\slashes.php" line="35" assertions="6" time="0.316459"/>
    </testsuite>
    <testsuite name="Tests_Auth" file="C:\svn\wordpress-develop\tests\phpunit\tests\auth.php" tests="8" assertions="34" failures="0" errors="0" time="5.824570">
      <testcase name="test_auth_cookie_valid" class="Tests_Auth" file="C:\svn\wordpress-develop\tests\phpunit\tests\auth.php" line="17" assertions="1" time="0.362902"/>
      <testcase name="test_auth_cookie_invalid" class="Tests_Auth" file="C:\svn\wordpress-develop\tests\phpunit\tests\auth.php" line="22" assertions="3" time="0.792383"/>
      <testcase name="test_auth_cookie_scheme" class="Tests_Auth" file="C:\svn\wordpress-develop\tests\phpunit\tests\auth.php" line="38" assertions="2" time="0.356625"/>
      <testcase name="test_password_trimming" class="Tests_Auth" file="C:\svn\wordpress-develop\tests\phpunit\tests\auth.php" line="51" assertions="8" time="1.225728"/>
      <testcase name="test_wp_hash_password_trimming" class="Tests_Auth" file="C:\svn\wordpress-develop\tests\phpunit\tests\auth.php" line="78" assertions="5" time="1.169711"/>
      <testcase name="test_wp_verify_nonce_with_empty_arg" class="Tests_Auth" file="C:\svn\wordpress-develop\tests\phpunit\tests\auth.php" line="99" assertions="2" time="0.260733"/>
      <testcase name="test_wp_verify_nonce_with_integer_arg" class="Tests_Auth" file="C:\svn\wordpress-develop\tests\phpunit\tests\auth.php" line="107" assertions="1" time="0.322465"/>
      <testcase name="test_password_length_limit" class="Tests_Auth" file="C:\svn\wordpress-develop\tests\phpunit\tests\auth.php" line="111" assertions="12" time="1.334023"/>
    </testsuite>
    <testsuite name="Tests_Basic" file="C:\svn\wordpress-develop\tests\phpunit\tests\basic.php" tests="16" assertions="19" failures="0" errors="0" time="0.832824">
      <testcase name="test_true" class="Tests_Basic" file="C:\svn\wordpress-develop\tests\phpunit\tests\basic.php" line="20" assertions="1" time="0.042135"/>
      <testcase name="test_readme" class="Tests_Basic" file="C:\svn\wordpress-develop\tests\phpunit\tests\basic.php" line="24" assertions="1" time="0.043901"/>
      <testcase name="test_license" class="Tests_Basic" file="C:\svn\wordpress-develop\tests\phpunit\tests\basic.php" line="31" assertions="1" time="0.044005"/>
      <testcase name="test_package_json" class="Tests_Basic" file="C:\svn\wordpress-develop\tests\phpunit\tests\basic.php" line="38" assertions="1" time="0.095920"/>
      <testcase name="test_globals" class="Tests_Basic" file="C:\svn\wordpress-develop\tests\phpunit\tests\basic.php" line="50" assertions="2" time="0.049861"/>
      <testcase name="test_globals_bar" class="Tests_Basic" file="C:\svn\wordpress-develop\tests\phpunit\tests\basic.php" line="64" assertions="1" time="0.047792"/>
      <testcase name="test_strip_ws" class="Tests_Basic" file="C:\svn\wordpress-develop\tests\phpunit\tests\basic.php" line="72" assertions="4" time="0.046141"/>
      <testcase name="test_mask_input_value" class="Tests_Basic" file="C:\svn\wordpress-develop\tests\phpunit\tests\basic.php" line="99" assertions="1" time="0.046262"/>
      <testcase name="test_setting_nonexistent_arrays" class="Tests_Basic" file="C:\svn\wordpress-develop\tests\phpunit\tests\basic.php" line="116" assertions="0" time="0.042599"/>
      <testcase name="test_magic_getter" class="Tests_Basic" file="C:\svn\wordpress-develop\tests\phpunit\tests\basic.php" line="125" assertions="1" time="0.042444"/>
      <testcase name="test_subclass_magic_getter" class="Tests_Basic" file="C:\svn\wordpress-develop\tests\phpunit\tests\basic.php" line="131" assertions="1" time="0.051838"/>
      <testcase name="test_call_method" class="Tests_Basic" file="C:\svn\wordpress-develop\tests\phpunit\tests\basic.php" line="137" assertions="1" time="0.052484"/>
      <testcase name="test_subclass_call_method" class="Tests_Basic" file="C:\svn\wordpress-develop\tests\phpunit\tests\basic.php" line="143" assertions="1" time="0.052108"/>
      <testcase name="test_subclass_isset" class="Tests_Basic" file="C:\svn\wordpress-develop\tests\phpunit\tests\basic.php" line="149" assertions="1" time="0.080120"/>
      <testcase name="test_subclass_unset" class="Tests_Basic" file="C:\svn\wordpress-develop\tests\phpunit\tests\basic.php" line="155" assertions="1" time="0.051502"/>
      <testcase name="test_switch_order" class="Tests_Basic" file="C:\svn\wordpress-develop\tests\phpunit\tests\basic.php" line="163" assertions="1" time="0.043712"/>
    </testsuite>
    <testsuite name="Tests_Cache" file="C:\svn\wordpress-develop\tests\phpunit\tests\cache.php" tests="18" assertions="66" failures="0" errors="0" time="0.892403">
      <testcase name="test_miss" class="Tests_Cache" file="C:\svn\wordpress-develop\tests\phpunit\tests\cache.php" line="27" assertions="1" time="0.051912"/>
      <testcase name="test_add_get" class="Tests_Cache" file="C:\svn\wordpress-develop\tests\phpunit\tests\cache.php" line="31" assertions="1" time="0.044552"/>
      <testcase name="test_add_get_0" class="Tests_Cache" file="C:\svn\wordpress-develop\tests\phpunit\tests\cache.php" line="39" assertions="1" time="0.043866"/>
      <testcase name="test_add_get_null" class="Tests_Cache" file="C:\svn\wordpress-develop\tests\phpunit\tests\cache.php" line="48" assertions="2" time="0.044582"/>
      <testcase name="test_add" class="Tests_Cache" file="C:\svn\wordpress-develop\tests\phpunit\tests\cache.php" line="57" assertions="4" time="0.044061"/>
      <testcase name="test_replace" class="Tests_Cache" file="C:\svn\wordpress-develop\tests\phpunit\tests\cache.php" line="70" assertions="6" time="0.044686"/>
      <testcase name="test_set" class="Tests_Cache" file="C:\svn\wordpress-develop\tests\phpunit\tests\cache.php" line="84" assertions="4" time="0.045261"/>
      <testcase name="test_flush" class="Tests_Cache" file="C:\svn\wordpress-develop\tests\phpunit\tests\cache.php" line="97" assertions="2" time="0.043726"/>
      <testcase name="test_object_refs" class="Tests_Cache" file="C:\svn\wordpress-develop\tests\phpunit\tests\cache.php" line="115" assertions="4" time="0.045487"/>
      <testcase name="test_incr" class="Tests_Cache" file="C:\svn\wordpress-develop\tests\phpunit\tests\cache.php" line="137" assertions="3" time="0.053225"/>
      <testcase name="test_wp_cache_incr" class="Tests_Cache" file="C:\svn\wordpress-develop\tests\phpunit\tests\cache.php" line="150" assertions="3" time="0.044083"/>
      <testcase name="test_decr" class="Tests_Cache" file="C:\svn\wordpress-develop\tests\phpunit\tests\cache.php" line="163" assertions="4" time="0.054589"/>
      <testcase name="test_wp_cache_decr" class="Tests_Cache" file="C:\svn\wordpress-develop\tests\phpunit\tests\cache.php" line="183" assertions="4" time="0.046589"/>
      <testcase name="test_delete" class="Tests_Cache" file="C:\svn\wordpress-develop\tests\phpunit\tests\cache.php" line="200" assertions="5" time="0.088778"/>
      <testcase name="test_wp_cache_delete" class="Tests_Cache" file="C:\svn\wordpress-develop\tests\phpunit\tests\cache.php" line="215" assertions="5" time="0.044060"/>
      <testcase name="test_switch_to_blog" class="Tests_Cache" file="C:\svn\wordpress-develop\tests\phpunit\tests\cache.php" line="234" assertions="12" time="0.050677"/>
      <testcase name="test_wp_cache_init" class="Tests_Cache" file="C:\svn\wordpress-develop\tests\phpunit\tests\cache.php" line="279" assertions="1" time="0.057596"/>
      <testcase name="test_wp_cache_replace" class="Tests_Cache" file="C:\svn\wordpress-develop\tests\phpunit\tests\cache.php" line="287" assertions="4" time="0.044673"/>
    </testsuite>
    <testsuite name="Tests_Canonical" file="C:\svn\wordpress-develop\tests\phpunit\tests\canonical.php" tests="52" assertions="61" failures="0" errors="0" time="12.791705">
      <testsuite name="Tests_Canonical::test" tests="52" assertions="61" failures="0" errors="0" time="12.791705">
        <testcase name="test with data set #0" assertions="1" time="1.501185"/>
        <testcase name="test with data set #1" assertions="1" time="0.189774"/>
        <testcase name="test with data set #2" assertions="1" time="0.188017"/>
        <testcase name="test with data set #3" assertions="2" time="0.294804"/>
        <testcase name="test with data set #4" assertions="2" time="0.282163"/>
        <testcase name="test with data set #5" assertions="2" time="0.288866"/>
        <testcase name="test with data set #6" assertions="2" time="0.277291"/>
        <testcase name="test with data set #7" assertions="3" time="0.225426"/>
        <testcase name="test with data set #8" assertions="3" time="0.206568"/>
        <testcase name="test with data set #9" assertions="1" time="0.186191"/>
        <testcase name="test with data set #11" assertions="1" time="0.213439"/>
        <testcase name="test with data set #12" assertions="1" time="0.190392"/>
        <testcase name="test with data set #13" assertions="1" time="0.184354"/>
        <testcase name="test with data set #14" assertions="1" time="0.188421"/>
        <testcase name="test with data set #15" assertions="1" time="0.240562"/>
        <testcase name="test with data set #16" assertions="1" time="0.176646"/>
        <testcase name="test with data set #17" assertions="1" time="0.185828"/>
        <testcase name="test with data set #18" assertions="1" time="0.220002"/>
        <testcase name="test with data set #19" assertions="1" time="0.198059"/>
        <testcase name="test with data set #20" assertions="1" time="0.244356"/>
        <testcase name="test with data set #21" assertions="1" time="0.205141"/>
        <testcase name="test with data set #22" assertions="1" time="0.381714"/>
        <testcase name="test with data set #23" assertions="2" time="0.234699"/>
        <testcase name="test with data set #24" assertions="1" time="0.221262"/>
        <testcase name="test with data set #25" assertions="1" time="0.185445"/>
        <testcase name="test with data set #26" assertions="1" time="0.196550"/>
        <testcase name="test with data set #27" assertions="1" time="0.175573"/>
        <testcase name="test with data set #28" assertions="1" time="0.177034"/>
        <testcase name="test with data set #29" assertions="1" time="0.197116"/>
        <testcase name="test with data set #30" assertions="1" time="0.217572"/>
        <testcase name="test with data set #31" assertions="1" time="0.202460"/>
        <testcase name="test with data set #32" assertions="1" time="0.201617"/>
        <testcase name="test with data set #33" assertions="1" time="0.192760"/>
        <testcase name="test with data set #34" assertions="1" time="0.218628"/>
        <testcase name="test with data set #35" assertions="1" time="0.226189"/>
        <testcase name="test with data set #36" assertions="1" time="0.173956"/>
        <testcase name="test with data set #37" assertions="1" time="0.207291"/>
        <testcase name="test with data set #38" assertions="1" time="0.209702"/>
        <testcase name="test with data set #39" assertions="1" time="0.215320"/>
        <testcase name="test with data set #40" assertions="1" time="0.515334"/>
        <testcase name="test with data set #41" assertions="1" time="0.198400"/>
        <testcase name="test with data set #42" assertions="1" time="0.191804"/>
        <testcase name="test with data set #43" assertions="1" time="0.196676"/>
        <testcase name="test with data set #44" assertions="1" time="0.198990"/>
        <testcase name="test with data set #45" assertions="1" time="0.202387"/>
        <testcase name="test with data set #46" assertions="1" time="0.223267"/>
        <testcase name="test with data set #47" assertions="1" time="0.233000"/>
        <testcase name="test with data set #48" assertions="1" time="0.201784"/>
        <testcase name="test with data set #49" assertions="1" time="0.216047"/>
        <testcase name="test with data set #50" assertions="1" time="0.230962"/>
        <testcase name="test with data set #51" assertions="1" time="0.238013"/>
        <testcase name="test with data set #52" assertions="1" time="0.222669"/>
      </testsuite>
    </testsuite>
    <testsuite name="Tests_Canonical_CustomRules" file="C:\svn\wordpress-develop\tests\phpunit\tests\canonical\customRules.php" tests="2" assertions="4" failures="0" errors="0" time="0.528136">
      <testsuite name="Tests_Canonical_CustomRules::test" tests="2" assertions="4" failures="0" errors="0" time="0.528136">
        <testcase name="test with data set #0" assertions="2" time="0.285536"/>
        <testcase name="test with data set #1" assertions="2" time="0.242600"/>
      </testsuite>
    </testsuite>
    <testsuite name="Tests_Canonical_HTTPS" file="C:\svn\wordpress-develop\tests\phpunit\tests\canonical\https.php" tests="3" assertions="3" failures="0" errors="0" time="0.593250">
      <testcase name="test_http_request_with_http_home" class="Tests_Canonical_HTTPS" file="C:\svn\wordpress-develop\tests\phpunit\tests\canonical\https.php" line="30" assertions="1" time="0.196499"/>
      <testcase name="test_https_request_with_http_home" class="Tests_Canonical_HTTPS" file="C:\svn\wordpress-develop\tests\phpunit\tests\canonical\https.php" line="41" assertions="1" time="0.197694"/>
      <testcase name="test_https_request_with_https_home" class="Tests_Canonical_HTTPS" file="C:\svn\wordpress-develop\tests\phpunit\tests\canonical\https.php" line="52" assertions="1" time="0.199057"/>
    </testsuite>
    <testsuite name="Tests_Canonical_NoRewrite" file="C:\svn\wordpress-develop\tests\phpunit\tests\canonical\noRewrite.php" tests="9" assertions="13" failures="0" errors="0" time="1.798903">
      <testsuite name="Tests_Canonical_NoRewrite::test" tests="9" assertions="13" failures="0" errors="0" time="1.798903">
        <testcase name="test with data set #0" assertions="1" time="0.208266"/>
        <testcase name="test with data set #1" assertions="1" time="0.183059"/>
        <testcase name="test with data set #2" assertions="1" time="0.186316"/>
        <testcase name="test with data set #3" assertions="3" time="0.222216"/>
        <testcase name="test with data set #4" assertions="3" time="0.228561"/>
        <testcase name="test with data set #5" assertions="1" time="0.178250"/>
        <testcase name="test with data set #6" assertions="1" time="0.184614"/>
        <testcase name="test with data set #7" assertions="1" time="0.218484"/>
        <testcase name="test with data set #8" assertions="1" time="0.189137"/>
      </testsuite>
    </testsuite>
    <testsuite name="Tests_Canonical_PageOnFront" file="C:\svn\wordpress-develop\tests\phpunit\tests\canonical\pageOnFront.php" tests="3" assertions="3" failures="0" errors="0" time="1.182442">
      <testsuite name="Tests_Canonical_PageOnFront::test" tests="3" assertions="3" failures="0" errors="0" time="1.182442">
        <testcase name="test with data set #0" assertions="1" time="0.372893"/>
        <testcase name="test with data set #1" assertions="1" time="0.405201"/>
        <testcase name="test with data set #2" assertions="1" time="0.404348"/>
      </testsuite>
    </testsuite>
    <testsuite name="Tests_Category" file="C:\svn\wordpress-develop\tests\phpunit\tests\category.php" tests="6" assertions="41" failures="0" errors="0" time="1.950188">
      <testcase name="test_get_all_category_ids" class="Tests_Category" file="C:\svn\wordpress-develop\tests\phpunit\tests\category.php" line="23" assertions="1" time="0.876806"/>
      <testcase name="test_get_category_by_slug" class="Tests_Category" file="C:\svn\wordpress-develop\tests\phpunit\tests\category.php" line="41" assertions="3" time="0.161644"/>
      <testcase name="test__make_cat_compat" class="Tests_Category" file="C:\svn\wordpress-develop\tests\phpunit\tests\category.php" line="71" assertions="24" time="0.211058"/>
      <testcase name="test_get_cat_name" class="Tests_Category" file="C:\svn\wordpress-develop\tests\phpunit\tests\category.php" line="148" assertions="3" time="0.150705"/>
      <testcase name="test_get_cat_ID" class="Tests_Category" file="C:\svn\wordpress-develop\tests\phpunit\tests\category.php" line="168" assertions="3" time="0.144775"/>
      <testcase name="test_get_category_by_path" class="Tests_Category" file="C:\svn\wordpress-develop\tests\phpunit\tests\category.php" line="188" assertions="7" time="0.405200"/>
    </testsuite>
    <testsuite name="Tests_Comment" file="C:\svn\wordpress-develop\tests\phpunit\tests\comment.php" tests="3" assertions="5" failures="0" errors="0" time="0.748079">
      <testcase name="test_wp_update_comment" class="Tests_Comment" file="C:\svn\wordpress-develop\tests\phpunit\tests\comment.php" line="7" assertions="3" time="0.300280"/>
      <testcase name="test_get_approved_comments" class="Tests_Comment" file="C:\svn\wordpress-develop\tests\phpunit\tests\comment.php" line="18" assertions="1" time="0.286530"/>
      <testcase name="test_get_approved_comments_with_post_id_0_should_return_empty_array" class="Tests_Comment" file="C:\svn\wordpress-develop\tests\phpunit\tests\comment.php" line="37" assertions="1" time="0.161269"/>
    </testsuite>
    <testsuite name="Tests_Comment_DateQuery" file="C:\svn\wordpress-develop\tests\phpunit\tests\comment\dateQuery.php" tests="1" assertions="1" failures="0" errors="0" time="0.368237">
      <testcase name="test_year" class="Tests_Comment_DateQuery" file="C:\svn\wordpress-develop\tests\phpunit\tests\comment\dateQuery.php" line="59" assertions="1" time="0.368237"/>
    </testsuite>
    <testsuite name="Tests_Comment_GetCommentsPagesCount" file="C:\svn\wordpress-develop\tests\phpunit\tests\comment\getCommentsPagesCount.php" tests="6" assertions="33" failures="0" errors="0" time="2.500195">
      <testcase name="test_empty" class="Tests_Comment_GetCommentsPagesCount" file="C:\svn\wordpress-develop\tests\phpunit\tests\comment\getCommentsPagesCount.php" line="39" assertions="7" time="0.247213"/>
      <testcase name="test_threaded_comments" class="Tests_Comment_GetCommentsPagesCount" file="C:\svn\wordpress-develop\tests\phpunit\tests\comment\getCommentsPagesCount.php" line="61" assertions="3" time="0.510128"/>
      <testcase name="test_option_page_comments" class="Tests_Comment_GetCommentsPagesCount" file="C:\svn\wordpress-develop\tests\phpunit\tests\comment\getCommentsPagesCount.php" line="76" assertions="5" time="0.459873"/>
      <testcase name="test_option_thread_comments" class="Tests_Comment_GetCommentsPagesCount" file="C:\svn\wordpress-develop\tests\phpunit\tests\comment\getCommentsPagesCount.php" line="98" assertions="8" time="0.544587"/>
      <testcase name="test_wp_query_comments_per_page" class="Tests_Comment_GetCommentsPagesCount" file="C:\svn\wordpress-develop\tests\phpunit\tests\comment\getCommentsPagesCount.php" line="124" assertions="7" time="0.638029"/>
      <testcase name="test_max_num_comment_pages" class="Tests_Comment_GetCommentsPagesCount" file="C:\svn\wordpress-develop\tests\phpunit\tests\comment\getCommentsPagesCount.php" line="156" assertions="3" time="0.100365"/>
    </testsuite>
    <testsuite name="Tests_Comment_Query" file="C:\svn\wordpress-develop\tests\phpunit\tests\comment\query.php" tests="62" assertions="198" failures="0" errors="0" time="19.085451">
      <testcase name="test_query" class="Tests_Comment_Query" file="C:\svn\wordpress-develop\tests\phpunit\tests\comment\query.php" line="18" assertions="2" time="0.236279"/>
      <testcase name="test_query_post_id_0" class="Tests_Comment_Query" file="C:\svn\wordpress-develop\tests\phpunit\tests\comment\query.php" line="33" assertions="2" time="0.174023"/>
      <testcase name="test_query_type_empty_string" class="Tests_Comment_Query" file="C:\svn\wordpress-develop\tests\phpunit\tests\comment\query.php" line="48" assertions="4" time="0.255093"/>
      <testcase name="test_query_type_comment" class="Tests_Comment_Query" file="C:\svn\wordpress-develop\tests\phpunit\tests\comment\query.php" line="69" assertions="2" time="0.284271"/>
      <testcase name="test_query_type_pingback" class="Tests_Comment_Query" file="C:\svn\wordpress-develop\tests\phpunit\tests\comment\query.php" line="85" assertions="2" time="0.242244"/>
      <testcase name="test_query_type_trackback" class="Tests_Comment_Query" file="C:\svn\wordpress-develop\tests\phpunit\tests\comment\query.php" line="101" assertions="2" time="0.228067"/>
      <testcase name="test_query_type_pings" class="Tests_Comment_Query" file="C:\svn\wordpress-develop\tests\phpunit\tests\comment\query.php" line="120" assertions="2" time="0.286015"/>
      <testcase name="test_type_array_comments_and_custom" class="Tests_Comment_Query" file="C:\svn\wordpress-develop\tests\phpunit\tests\comment\query.php" line="140" assertions="2" time="0.252979"/>
      <testcase name="test_type_not__in_array_custom" class="Tests_Comment_Query" file="C:\svn\wordpress-develop\tests\phpunit\tests\comment\query.php" line="160" assertions="2" time="0.252489"/>
      <testcase name="test_type__in_array_and_not_type_array_custom" class="Tests_Comment_Query" file="C:\svn\wordpress-develop\tests\phpunit\tests\comment\query.php" line="180" assertions="2" time="0.253290"/>
      <testcase name="test_type_array_and_type__not_in_array_custom" class="Tests_Comment_Query" file="C:\svn\wordpress-develop\tests\phpunit\tests\comment\query.php" line="201" assertions="2" time="0.274095"/>
      <testcase name="test_type__not_in_custom" class="Tests_Comment_Query" file="C:\svn\wordpress-develop\tests\phpunit\tests\comment\query.php" line="222" assertions="2" time="0.264436"/>
      <testcase name="test_type_array_comments_and_pings" class="Tests_Comment_Query" file="C:\svn\wordpress-develop\tests\phpunit\tests\comment\query.php" line="242" assertions="2" time="0.310607"/>
      <testcase name="test_type_array_comment_pings" class="Tests_Comment_Query" file="C:\svn\wordpress-develop\tests\phpunit\tests\comment\query.php" line="261" assertions="2" time="0.217290"/>
      <testcase name="test_type_array_pingback" class="Tests_Comment_Query" file="C:\svn\wordpress-develop\tests\phpunit\tests\comment\query.php" line="278" assertions="1" time="0.518589"/>
      <testcase name="test_type_array_custom_pingpack" class="Tests_Comment_Query" file="C:\svn\wordpress-develop\tests\phpunit\tests\comment\query.php" line="295" assertions="1" time="0.231141"/>
      <testcase name="test_type_array_pings" class="Tests_Comment_Query" file="C:\svn\wordpress-develop\tests\phpunit\tests\comment\query.php" line="312" assertions="2" time="0.416638"/>
      <testcase name="test_type_status_approved_array_comment_pings" class="Tests_Comment_Query" file="C:\svn\wordpress-develop\tests\phpunit\tests\comment\query.php" line="329" assertions="2" time="0.231175"/>
      <testcase name="test_type_array_trackback" class="Tests_Comment_Query" file="C:\svn\wordpress-develop\tests\phpunit\tests\comment\query.php" line="348" assertions="1" time="0.275698"/>
      <testcase name="test_type_array_custom_trackback" class="Tests_Comment_Query" file="C:\svn\wordpress-develop\tests\phpunit\tests\comment\query.php" line="365" assertions="1" time="0.208317"/>
      <testcase name="test_type_array_pings_approved" class="Tests_Comment_Query" file="C:\svn\wordpress-develop\tests\phpunit\tests\comment\query.php" line="382" assertions="2" time="0.241397"/>
      <testcase name="test_status_empty_string" class="Tests_Comment_Query" file="C:\svn\wordpress-develop\tests\phpunit\tests\comment\query.php" line="401" assertions="2" time="0.185808"/>
      <testcase name="test_status_hold" class="Tests_Comment_Query" file="C:\svn\wordpress-develop\tests\phpunit\tests\comment\query.php" line="418" assertions="1" time="0.220590"/>
      <testcase name="test_status_approve" class="Tests_Comment_Query" file="C:\svn\wordpress-develop\tests\phpunit\tests\comment\query.php" line="434" assertions="1" time="0.195984"/>
      <testcase name="test_status_custom" class="Tests_Comment_Query" file="C:\svn\wordpress-develop\tests\phpunit\tests\comment\query.php" line="447" assertions="1" time="0.196663"/>
      <testcase name="test_status_all" class="Tests_Comment_Query" file="C:\svn\wordpress-develop\tests\phpunit\tests\comment\query.php" line="461" assertions="2" time="0.198185"/>
      <testcase name="test_status_default_to_all" class="Tests_Comment_Query" file="C:\svn\wordpress-develop\tests\phpunit\tests\comment\query.php" line="475" assertions="2" time="0.185634"/>
      <testcase name="test_status_comma_any" class="Tests_Comment_Query" file="C:\svn\wordpress-develop\tests\phpunit\tests\comment\query.php" line="491" assertions="2" time="0.198344"/>
      <testcase name="test_status_comma_separated" class="Tests_Comment_Query" file="C:\svn\wordpress-develop\tests\phpunit\tests\comment\query.php" line="508" assertions="2" time="0.196642"/>
      <testcase name="test_status_array" class="Tests_Comment_Query" file="C:\svn\wordpress-develop\tests\phpunit\tests\comment\query.php" line="525" assertions="2" time="0.198367"/>
      <testcase name="test_get_comments_for_post" class="Tests_Comment_Query" file="C:\svn\wordpress-develop\tests\phpunit\tests\comment\query.php" line="539" assertions="66" time="0.983866"/>
      <testcase name="test_orderby_meta" class="Tests_Comment_Query" file="C:\svn\wordpress-develop\tests\phpunit\tests\comment\query.php" line="584" assertions="20" time="0.763058"/>
      <testcase name="test_get_comments_by_user" class="Tests_Comment_Query" file="C:\svn\wordpress-develop\tests\phpunit\tests\comment\query.php" line="638" assertions="7" time="1.316224"/>
      <testcase name="test_fields_ids_query" class="Tests_Comment_Query" file="C:\svn\wordpress-develop\tests\phpunit\tests\comment\query.php" line="670" assertions="6" time="0.281610"/>
      <testcase name="test_fields_comment__in" class="Tests_Comment_Query" file="C:\svn\wordpress-develop\tests\phpunit\tests\comment\query.php" line="688" assertions="2" time="1.105305"/>
      <testcase name="test_fields_comment__not_in" class="Tests_Comment_Query" file="C:\svn\wordpress-develop\tests\phpunit\tests\comment\query.php" line="704" assertions="2" time="0.230466"/>
      <testcase name="test_fields_post__in" class="Tests_Comment_Query" file="C:\svn\wordpress-develop\tests\phpunit\tests\comment\query.php" line="720" assertions="2" time="0.431656"/>
      <testcase name="test_fields_post__not_in" class="Tests_Comment_Query" file="C:\svn\wordpress-develop\tests\phpunit\tests\comment\query.php" line="740" assertions="2" time="0.428221"/>
      <testcase name="test_fields_post_author__in" class="Tests_Comment_Query" file="C:\svn\wordpress-develop\tests\phpunit\tests\comment\query.php" line="760" assertions="2" time="0.418668"/>
      <testcase name="test_fields_post_author__not_in" class="Tests_Comment_Query" file="C:\svn\wordpress-develop\tests\phpunit\tests\comment\query.php" line="783" assertions="2" time="0.430297"/>
      <testcase name="test_fields_author__in" class="Tests_Comment_Query" file="C:\svn\wordpress-develop\tests\phpunit\tests\comment\query.php" line="806" assertions="2" time="0.515717"/>
      <testcase name="test_fields_author__not_in" class="Tests_Comment_Query" file="C:\svn\wordpress-develop\tests\phpunit\tests\comment\query.php" line="828" assertions="2" time="0.517978"/>
      <testcase name="test_get_comments_with_status_all" class="Tests_Comment_Query" file="C:\svn\wordpress-develop\tests\phpunit\tests\comment\query.php" line="850" assertions="2" time="0.230788"/>
      <testcase name="test_get_comments_with_include_unapproved_user_id" class="Tests_Comment_Query" file="C:\svn\wordpress-develop\tests\phpunit\tests\comment\query.php" line="863" assertions="2" time="0.246275"/>
      <testcase name="test_get_comments_with_include_unapproved_user_id_array" class="Tests_Comment_Query" file="C:\svn\wordpress-develop\tests\phpunit\tests\comment\query.php" line="881" assertions="2" time="0.261788"/>
      <testcase name="test_get_comments_with_include_unapproved_user_id_comma_separated" class="Tests_Comment_Query" file="C:\svn\wordpress-develop\tests\phpunit\tests\comment\query.php" line="900" assertions="2" time="0.241465"/>
      <testcase name="test_get_comments_with_include_unapproved_author_email" class="Tests_Comment_Query" file="C:\svn\wordpress-develop\tests\phpunit\tests\comment\query.php" line="919" assertions="2" time="0.317645"/>
      <testcase name="test_get_comments_with_include_unapproved_mixed_array" class="Tests_Comment_Query" file="C:\svn\wordpress-develop\tests\phpunit\tests\comment\query.php" line="937" assertions="2" time="0.265462"/>
      <testcase name="test_get_comments_with_include_unapproved_mixed_comma_separated" class="Tests_Comment_Query" file="C:\svn\wordpress-develop\tests\phpunit\tests\comment\query.php" line="956" assertions="2" time="0.309393"/>
      <testcase name="test_search" class="Tests_Comment_Query" file="C:\svn\wordpress-develop\tests\phpunit\tests\comment\query.php" line="972" assertions="2" time="0.238798"/>
      <testcase name="test_orderby_default" class="Tests_Comment_Query" file="C:\svn\wordpress-develop\tests\phpunit\tests\comment\query.php" line="989" assertions="1" time="0.161075"/>
      <testcase name="test_orderby_single" class="Tests_Comment_Query" file="C:\svn\wordpress-develop\tests\phpunit\tests\comment\query.php" line="996" assertions="1" time="0.164433"/>
      <testcase name="test_orderby_single_invalid" class="Tests_Comment_Query" file="C:\svn\wordpress-develop\tests\phpunit\tests\comment\query.php" line="1005" assertions="1" time="0.165988"/>
      <testcase name="test_orderby_comma_separated" class="Tests_Comment_Query" file="C:\svn\wordpress-develop\tests\phpunit\tests\comment\query.php" line="1014" assertions="1" time="0.186832"/>
      <testcase name="test_orderby_array" class="Tests_Comment_Query" file="C:\svn\wordpress-develop\tests\phpunit\tests\comment\query.php" line="1023" assertions="1" time="0.160319"/>
      <testcase name="test_orderby_array_contains_invalid_item" class="Tests_Comment_Query" file="C:\svn\wordpress-develop\tests\phpunit\tests\comment\query.php" line="1032" assertions="1" time="0.200729"/>
      <testcase name="test_orderby_array_contains_all_invalid_items" class="Tests_Comment_Query" file="C:\svn\wordpress-develop\tests\phpunit\tests\comment\query.php" line="1041" assertions="1" time="0.171829"/>
      <testcase name="test_orderby_none" class="Tests_Comment_Query" file="C:\svn\wordpress-develop\tests\phpunit\tests\comment\query.php" line="1053" assertions="1" time="0.156771"/>
      <testcase name="test_orderby_empty_array" class="Tests_Comment_Query" file="C:\svn\wordpress-develop\tests\phpunit\tests\comment\query.php" line="1065" assertions="1" time="0.159740"/>
      <testcase name="test_orderby_false" class="Tests_Comment_Query" file="C:\svn\wordpress-develop\tests\phpunit\tests\comment\query.php" line="1077" assertions="1" time="0.156571"/>
      <testcase name="test_count" class="Tests_Comment_Query" file="C:\svn\wordpress-develop\tests\phpunit\tests\comment\query.php" line="1086" assertions="1" time="0.216028"/>
      <testcase name="test_count_with_meta_query" class="Tests_Comment_Query" file="C:\svn\wordpress-develop\tests\phpunit\tests\comment\query.php" line="1101" assertions="1" time="0.220107"/>
    </testsuite>
    <testsuite name="Tests_Comment_Slashes" file="C:\svn\wordpress-develop\tests\phpunit\tests\comment\slashes.php" tests="4" assertions="16" failures="0" errors="0" time="1.873215">
      <testcase name="test_wp_new_comment" class="Tests_Comment_Slashes" file="C:\svn\wordpress-develop\tests\phpunit\tests\comment\slashes.php" line="38" assertions="4" time="0.455385"/>
      <testcase name="test_edit_comment" class="Tests_Comment_Slashes" file="C:\svn\wordpress-develop\tests\phpunit\tests\comment\slashes.php" line="78" assertions="4" time="0.472094"/>
      <testcase name="test_wp_insert_comment" class="Tests_Comment_Slashes" file="C:\svn\wordpress-develop\tests\phpunit\tests\comment\slashes.php" line="121" assertions="4" time="0.396518"/>
      <testcase name="test_wp_update_comment" class="Tests_Comment_Slashes" file="C:\svn\wordpress-develop\tests\phpunit\tests\comment\slashes.php" line="149" assertions="4" time="0.549218"/>
    </testsuite>
    <testsuite name="Tests_Comment_Template" file="C:\svn\wordpress-develop\tests\phpunit\tests\comment\template.php" tests="2" assertions="7" failures="0" errors="0" time="0.797101">
      <testcase name="test_get_comments_number" class="Tests_Comment_Template" file="C:\svn\wordpress-develop\tests\phpunit\tests\comment\template.php" line="7" assertions="5" time="0.351414"/>
      <testcase name="test_get_comments_number_without_arg" class="Tests_Comment_Template" file="C:\svn\wordpress-develop\tests\phpunit\tests\comment\template.php" line="20" assertions="2" time="0.445687"/>
    </testsuite>
    <testsuite name="Tests_Comment_Walker" file="C:\svn\wordpress-develop\tests\phpunit\tests\comment\walker.php" tests="1" assertions="8" failures="0" errors="0" time="0.667662">
      <testcase name="test_has_children" class="Tests_Comment_Walker" file="C:\svn\wordpress-develop\tests\phpunit\tests\comment\walker.php" line="17" assertions="8" time="0.667662"/>
    </testsuite>
    <testsuite name="Tests_Compat" file="C:\svn\wordpress-develop\tests\phpunit\tests\compat.php" tests="5" assertions="12" failures="0" errors="0" time="0.259618">
      <testcase name="test_mb_substr" class="Tests_Compat" file="C:\svn\wordpress-develop\tests\phpunit\tests\compat.php" line="7" assertions="4" time="0.053760"/>
      <testcase name="test_hash_hmac_simple" class="Tests_Compat" file="C:\svn\wordpress-develop\tests\phpunit\tests\compat.php" line="14" assertions="2" time="0.055663"/>
      <testcase name="test_hash_hmac_padding" class="Tests_Compat" file="C:\svn\wordpress-develop\tests\phpunit\tests\compat.php" line="19" assertions="2" time="0.046441"/>
      <testcase name="test_hash_hmac_output" class="Tests_Compat" file="C:\svn\wordpress-develop\tests\phpunit\tests\compat.php" line="24" assertions="2" time="0.048285"/>
      <testcase name="test_json_encode_decode" class="Tests_Compat" file="C:\svn\wordpress-develop\tests\phpunit\tests\compat.php" line="29" assertions="2" time="0.055469"/>
    </testsuite>
    <testsuite name="Tests_Cron" file="C:\svn\wordpress-develop\tests\phpunit\tests\cron.php" tests="12" assertions="36" failures="0" errors="0" time="1.390853">
      <testcase name="test_wp_get_schedule_empty" class="Tests_Cron" file="C:\svn\wordpress-develop\tests\phpunit\tests\cron.php" line="21" assertions="1" time="0.082895"/>
      <testcase name="test_schedule_event_single" class="Tests_Cron" file="C:\svn\wordpress-develop\tests\phpunit\tests\cron.php" line="27" assertions="2" time="0.095468"/>
      <testcase name="test_schedule_event_single_args" class="Tests_Cron" file="C:\svn\wordpress-develop\tests\phpunit\tests\cron.php" line="40" assertions="4" time="0.097964"/>
      <testcase name="test_schedule_event" class="Tests_Cron" file="C:\svn\wordpress-develop\tests\phpunit\tests\cron.php" line="57" assertions="2" time="0.098037"/>
      <testcase name="test_schedule_event_args" class="Tests_Cron" file="C:\svn\wordpress-develop\tests\phpunit\tests\cron.php" line="70" assertions="4" time="0.097581"/>
      <testcase name="test_unschedule_event" class="Tests_Cron" file="C:\svn\wordpress-develop\tests\phpunit\tests\cron.php" line="88" assertions="2" time="0.095659"/>
      <testcase name="test_clear_schedule" class="Tests_Cron" file="C:\svn\wordpress-develop\tests\phpunit\tests\cron.php" line="101" assertions="5" time="0.181530"/>
      <testcase name="test_clear_schedule_multiple_args" class="Tests_Cron" file="C:\svn\wordpress-develop\tests\phpunit\tests\cron.php" line="127" assertions="5" time="0.136150"/>
      <testcase name="test_clear_schedule_new_args" class="Tests_Cron" file="C:\svn\wordpress-develop\tests\phpunit\tests\cron.php" line="156" assertions="6" time="0.152077"/>
      <testcase name="test_duplicate_event" class="Tests_Cron" file="C:\svn\wordpress-develop\tests\phpunit\tests\cron.php" line="195" assertions="1" time="0.116727"/>
      <testcase name="test_not_duplicate_event" class="Tests_Cron" file="C:\svn\wordpress-develop\tests\phpunit\tests\cron.php" line="214" assertions="2" time="0.117974"/>
      <testcase name="test_not_duplicate_event_reversed" class="Tests_Cron" file="C:\svn\wordpress-develop\tests\phpunit\tests\cron.php" line="233" assertions="2" time="0.118791"/>
    </testsuite>
    <testsuite name="Tests_WP_Date_Query" file="C:\svn\wordpress-develop\tests\phpunit\tests\date\query.php" tests="71" assertions="751" failures="0" errors="0" time="3.706018">
      <testcase name="test_construct_date_query_empty" class="Tests_WP_Date_Query" file="C:\svn\wordpress-develop\tests\phpunit\tests\date\query.php" line="20" assertions="4" time="0.044990"/>
      <testcase name="test_construct_date_query_non_array" class="Tests_WP_Date_Query" file="C:\svn\wordpress-develop\tests\phpunit\tests\date\query.php" line="28" assertions="4" time="0.044978"/>
      <testcase name="test_construct_relation_or_lowercase" class="Tests_WP_Date_Query" file="C:\svn\wordpress-develop\tests\phpunit\tests\date\query.php" line="36" assertions="1" time="0.055505"/>
      <testcase name="test_construct_relation_invalid" class="Tests_WP_Date_Query" file="C:\svn\wordpress-develop\tests\phpunit\tests\date\query.php" line="44" assertions="1" time="0.044971"/>
      <testcase name="test_construct_query_not_an_array_of_arrays" class="Tests_WP_Date_Query" file="C:\svn\wordpress-develop\tests\phpunit\tests\date\query.php" line="52" assertions="1" time="0.056103"/>
      <testcase name="test_construct_query_contains_non_arrays" class="Tests_WP_Date_Query" file="C:\svn\wordpress-develop\tests\phpunit\tests\date\query.php" line="78" assertions="1" time="0.054328"/>
      <testcase name="test_get_compare_empty" class="Tests_WP_Date_Query" file="C:\svn\wordpress-develop\tests\phpunit\tests\date\query.php" line="108" assertions="1" time="0.046776"/>
      <testcase name="test_get_compare_equals" class="Tests_WP_Date_Query" file="C:\svn\wordpress-develop\tests\phpunit\tests\date\query.php" line="113" assertions="1" time="0.046906"/>
      <testcase name="test_get_compare_not_equals" class="Tests_WP_Date_Query" file="C:\svn\wordpress-develop\tests\phpunit\tests\date\query.php" line="122" assertions="1" time="0.047264"/>
      <testcase name="test_get_compare_greater_than" class="Tests_WP_Date_Query" file="C:\svn\wordpress-develop\tests\phpunit\tests\date\query.php" line="131" assertions="1" time="0.046956"/>
      <testcase name="test_get_compare_greater_than_or_equal_to" class="Tests_WP_Date_Query" file="C:\svn\wordpress-develop\tests\phpunit\tests\date\query.php" line="140" assertions="1" time="0.056495"/>
      <testcase name="test_get_compare_less_than" class="Tests_WP_Date_Query" file="C:\svn\wordpress-develop\tests\phpunit\tests\date\query.php" line="149" assertions="1" time="0.046783"/>
      <testcase name="test_get_compare_less_than_or_equal_to" class="Tests_WP_Date_Query" file="C:\svn\wordpress-develop\tests\phpunit\tests\date\query.php" line="158" assertions="1" time="0.056435"/>
      <testcase name="test_get_compare_in" class="Tests_WP_Date_Query" file="C:\svn\wordpress-develop\tests\phpunit\tests\date\query.php" line="167" assertions="1" time="0.048163"/>
      <testcase name="test_get_compare_not_in" class="Tests_WP_Date_Query" file="C:\svn\wordpress-develop\tests\phpunit\tests\date\query.php" line="176" assertions="1" time="0.048637"/>
      <testcase name="test_get_compare_between" class="Tests_WP_Date_Query" file="C:\svn\wordpress-develop\tests\phpunit\tests\date\query.php" line="185" assertions="1" time="0.050208"/>
      <testcase name="test_get_compare_not_between" class="Tests_WP_Date_Query" file="C:\svn\wordpress-develop\tests\phpunit\tests\date\query.php" line="194" assertions="1" time="0.059634"/>
      <testcase name="test_validate_column_post_date" class="Tests_WP_Date_Query" file="C:\svn\wordpress-develop\tests\phpunit\tests\date\query.php" line="203" assertions="1" time="0.048569"/>
      <testcase name="test_validate_column_post_date_gmt" class="Tests_WP_Date_Query" file="C:\svn\wordpress-develop\tests\phpunit\tests\date\query.php" line="210" assertions="1" time="0.051060"/>
      <testcase name="test_validate_column_post_modified" class="Tests_WP_Date_Query" file="C:\svn\wordpress-develop\tests\phpunit\tests\date\query.php" line="217" assertions="1" time="0.047845"/>
      <testcase name="test_validate_column_post_modified_gmt" class="Tests_WP_Date_Query" file="C:\svn\wordpress-develop\tests\phpunit\tests\date\query.php" line="224" assertions="1" time="0.046899"/>
      <testcase name="test_validate_column_comment_date" class="Tests_WP_Date_Query" file="C:\svn\wordpress-develop\tests\phpunit\tests\date\query.php" line="231" assertions="1" time="0.046889"/>
      <testcase name="test_validate_column_comment_date_gmt" class="Tests_WP_Date_Query" file="C:\svn\wordpress-develop\tests\phpunit\tests\date\query.php" line="238" assertions="1" time="0.049154"/>
      <testcase name="test_validate_column_invalid" class="Tests_WP_Date_Query" file="C:\svn\wordpress-develop\tests\phpunit\tests\date\query.php" line="245" assertions="1" time="0.047883"/>
      <testcase name="test_validate_column_with_date_query_valid_columns_filter" class="Tests_WP_Date_Query" file="C:\svn\wordpress-develop\tests\phpunit\tests\date\query.php" line="255" assertions="1" time="0.046676"/>
      <testcase name="test_validate_column_prefixed_column_name" class="Tests_WP_Date_Query" file="C:\svn\wordpress-develop\tests\phpunit\tests\date\query.php" line="268" assertions="1" time="0.050253"/>
      <testcase name="test_validate_column_prefixed_column_name_with_illegal_characters" class="Tests_WP_Date_Query" file="C:\svn\wordpress-develop\tests\phpunit\tests\date\query.php" line="277" assertions="1" time="0.054457"/>
      <testcase name="test_build_value_value_null" class="Tests_WP_Date_Query" file="C:\svn\wordpress-develop\tests\phpunit\tests\date\query.php" line="283" assertions="1" time="0.063967"/>
      <testcase name="test_build_value_compare_in" class="Tests_WP_Date_Query" file="C:\svn\wordpress-develop\tests\phpunit\tests\date\query.php" line="293" assertions="4" time="0.049720"/>
      <testcase name="test_build_value_compare_not_in" class="Tests_WP_Date_Query" file="C:\svn\wordpress-develop\tests\phpunit\tests\date\query.php" line="316" assertions="4" time="0.047862"/>
      <testcase name="test_build_value_compare_between_single_integer" class="Tests_WP_Date_Query" file="C:\svn\wordpress-develop\tests\phpunit\tests\date\query.php" line="336" assertions="1" time="0.047777"/>
      <testcase name="test_build_value_compare_between_single_non_numeric" class="Tests_WP_Date_Query" file="C:\svn\wordpress-develop\tests\phpunit\tests\date\query.php" line="346" assertions="1" time="0.045142"/>
      <testcase name="test_build_value_compare_between_array_with_other_than_two_items" class="Tests_WP_Date_Query" file="C:\svn\wordpress-develop\tests\phpunit\tests\date\query.php" line="356" assertions="1" time="0.045156"/>
      <testcase name="test_build_value_compare_between_incorrect_array_key" class="Tests_WP_Date_Query" file="C:\svn\wordpress-develop\tests\phpunit\tests\date\query.php" line="366" assertions="1" time="0.047019"/>
      <testcase name="test_build_value_compare_between_array_contains_non_numeric" class="Tests_WP_Date_Query" file="C:\svn\wordpress-develop\tests\phpunit\tests\date\query.php" line="380" assertions="1" time="0.054346"/>
      <testcase name="test_build_value_compare_between" class="Tests_WP_Date_Query" file="C:\svn\wordpress-develop\tests\phpunit\tests\date\query.php" line="387" assertions="1" time="0.046464"/>
      <testcase name="test_build_value_compare_not_between_single_integer" class="Tests_WP_Date_Query" file="C:\svn\wordpress-develop\tests\phpunit\tests\date\query.php" line="394" assertions="1" time="0.045870"/>
      <testcase name="test_build_value_compare_not_between_single_non_numeric" class="Tests_WP_Date_Query" file="C:\svn\wordpress-develop\tests\phpunit\tests\date\query.php" line="404" assertions="1" time="0.044943"/>
      <testcase name="test_build_value_compare_not_between_array_with_other_than_two_items" class="Tests_WP_Date_Query" file="C:\svn\wordpress-develop\tests\phpunit\tests\date\query.php" line="414" assertions="1" time="0.043946"/>
      <testcase name="test_build_value_compare_not_between_incorrect_array_key" class="Tests_WP_Date_Query" file="C:\svn\wordpress-develop\tests\phpunit\tests\date\query.php" line="424" assertions="1" time="0.044287"/>
      <testcase name="test_build_value_compare_not_between_array_contains_non_numeric" class="Tests_WP_Date_Query" file="C:\svn\wordpress-develop\tests\phpunit\tests\date\query.php" line="438" assertions="1" time="0.045706"/>
      <testcase name="test_build_value_compare_not_between" class="Tests_WP_Date_Query" file="C:\svn\wordpress-develop\tests\phpunit\tests\date\query.php" line="445" assertions="1" time="0.045028"/>
      <testcase name="test_build_value_compare_default_value_integer" class="Tests_WP_Date_Query" file="C:\svn\wordpress-develop\tests\phpunit\tests\date\query.php" line="452" assertions="1" time="0.054641"/>
      <testcase name="test_build_value_compare_default_value_non_numeric" class="Tests_WP_Date_Query" file="C:\svn\wordpress-develop\tests\phpunit\tests\date\query.php" line="462" assertions="1" time="0.045579"/>
      <testcase name="test_build_mysql_datetime_datetime_non_array" class="Tests_WP_Date_Query" file="C:\svn\wordpress-develop\tests\phpunit\tests\date\query.php" line="469" assertions="1" time="0.047782"/>
      <testcase name="test_build_mysql_datetime_default_to_max_true" class="Tests_WP_Date_Query" file="C:\svn\wordpress-develop\tests\phpunit\tests\date\query.php" line="478" assertions="1" time="0.048324"/>
      <testcase name="test_build_mysql_datetime_default_to_max_false" class="Tests_WP_Date_Query" file="C:\svn\wordpress-develop\tests\phpunit\tests\date\query.php" line="487" assertions="1" time="0.051141"/>
      <testcase name="test_build_mysql_datetime_default_to_max_default_to_false" class="Tests_WP_Date_Query" file="C:\svn\wordpress-develop\tests\phpunit\tests\date\query.php" line="496" assertions="1" time="0.047158"/>
      <testcase name="test_build_time_query_insufficient_time_values" class="Tests_WP_Date_Query" file="C:\svn\wordpress-develop\tests\phpunit\tests\date\query.php" line="505" assertions="1" time="0.056054"/>
      <testcase name="test_build_time_query_compare_in" class="Tests_WP_Date_Query" file="C:\svn\wordpress-develop\tests\phpunit\tests\date\query.php" line="511" assertions="3" time="0.045812"/>
      <testcase name="test_build_time_query_compare_not_in" class="Tests_WP_Date_Query" file="C:\svn\wordpress-develop\tests\phpunit\tests\date\query.php" line="527" assertions="3" time="0.046000"/>
      <testcase name="test_build_time_query_compare_between" class="Tests_WP_Date_Query" file="C:\svn\wordpress-develop\tests\phpunit\tests\date\query.php" line="543" assertions="3" time="0.045427"/>
      <testcase name="test_build_time_query_compare_not_between" class="Tests_WP_Date_Query" file="C:\svn\wordpress-develop\tests\phpunit\tests\date\query.php" line="559" assertions="3" time="0.046458"/>
      <testcase name="test_build_time_query_hour_only" class="Tests_WP_Date_Query" file="C:\svn\wordpress-develop\tests\phpunit\tests\date\query.php" line="575" assertions="1" time="0.044894"/>
      <testcase name="test_build_time_query_minute_only" class="Tests_WP_Date_Query" file="C:\svn\wordpress-develop\tests\phpunit\tests\date\query.php" line="582" assertions="1" time="0.044897"/>
      <testcase name="test_build_time_query_second_only" class="Tests_WP_Date_Query" file="C:\svn\wordpress-develop\tests\phpunit\tests\date\query.php" line="589" assertions="1" time="0.044617"/>
      <testcase name="test_build_time_query_hour_and_second" class="Tests_WP_Date_Query" file="C:\svn\wordpress-develop\tests\phpunit\tests\date\query.php" line="596" assertions="1" time="0.044800"/>
      <testcase name="test_build_time_query_hour_minute" class="Tests_WP_Date_Query" file="C:\svn\wordpress-develop\tests\phpunit\tests\date\query.php" line="603" assertions="1" time="0.056271"/>
      <testcase name="test_build_time_query_hour_minute_second" class="Tests_WP_Date_Query" file="C:\svn\wordpress-develop\tests\phpunit\tests\date\query.php" line="613" assertions="1" time="0.045608"/>
      <testcase name="test_build_time_query_minute_second" class="Tests_WP_Date_Query" file="C:\svn\wordpress-develop\tests\phpunit\tests\date\query.php" line="623" assertions="1" time="0.046549"/>
      <testcase name="test_validate_date_query_before_after" class="Tests_WP_Date_Query" file="C:\svn\wordpress-develop\tests\phpunit\tests\date\query.php" line="637" assertions="14" time="0.062305"/>
      <testcase name="test_validate_date_query_before_after_with_month" class="Tests_WP_Date_Query" file="C:\svn\wordpress-develop\tests\phpunit\tests\date\query.php" line="684" assertions="4" time="0.051291"/>
      <testcase name="test_validate_date_values_week" class="Tests_WP_Date_Query" file="C:\svn\wordpress-develop\tests\phpunit\tests\date\query.php" line="730" assertions="60" time="0.077092"/>
      <testcase name="test_validate_date_values_month" class="Tests_WP_Date_Query" file="C:\svn\wordpress-develop\tests\phpunit\tests\date\query.php" line="783" assertions="16" time="0.061951"/>
      <testcase name="test_validate_date_values_day" class="Tests_WP_Date_Query" file="C:\svn\wordpress-develop\tests\phpunit\tests\date\query.php" line="801" assertions="37" time="0.060853"/>
      <testcase name="test_validate_date_values_hour" class="Tests_WP_Date_Query" file="C:\svn\wordpress-develop\tests\phpunit\tests\date\query.php" line="858" assertions="27" time="0.056950"/>
      <testcase name="test_validate_date_values_minute" class="Tests_WP_Date_Query" file="C:\svn\wordpress-develop\tests\phpunit\tests\date\query.php" line="876" assertions="62" time="0.074215"/>
      <testcase name="test_validate_date_values_second" class="Tests_WP_Date_Query" file="C:\svn\wordpress-develop\tests\phpunit\tests\date\query.php" line="894" assertions="62" time="0.064782"/>
      <testcase name="test_validate_date_values_day_of_week" class="Tests_WP_Date_Query" file="C:\svn\wordpress-develop\tests\phpunit\tests\date\query.php" line="913" assertions="10" time="0.052321"/>
      <testcase name="test_validate_date_values_day_of_week_iso" class="Tests_WP_Date_Query" file="C:\svn\wordpress-develop\tests\phpunit\tests\date\query.php" line="931" assertions="10" time="0.050859"/>
      <testcase name="test_validate_date_values_day_of_year" class="Tests_WP_Date_Query" file="C:\svn\wordpress-develop\tests\phpunit\tests\date\query.php" line="949" assertions="369" time="0.169337"/>
    </testsuite>
    <testsuite name="Tests_DB" file="C:\svn\wordpress-develop\tests\phpunit\tests\db.php" tests="120" assertions="161" failures="0" errors="0" time="6.463944">
      <testcase name="test_db_reconnect" class="Tests_DB" file="C:\svn\wordpress-develop\tests\phpunit\tests\db.php" line="57" assertions="2" time="0.062604"/>
      <testcase name="test_locale_floats" class="Tests_DB" file="C:\svn\wordpress-develop\tests\phpunit\tests\db.php" line="80" assertions="2" time="0.096542"/>
      <testcase name="test_esc_like" class="Tests_DB" file="C:\svn\wordpress-develop\tests\phpunit\tests\db.php" line="124" assertions="5" time="0.050630"/>
      <testsuite name="Tests_DB::test_like_query" tests="10" assertions="10" failures="0" errors="0" time="0.536348">
        <testcase name="test_like_query with data set #0" assertions="1" time="0.056702"/>
        <testcase name="test_like_query with data set #1" assertions="1" time="0.054165"/>
        <testcase name="test_like_query with data set #2" assertions="1" time="0.059089"/>
        <testcase name="test_like_query with data set #3" assertions="1" time="0.057040"/>
        <testcase name="test_like_query with data set #4" assertions="1" time="0.057135"/>
        <testcase name="test_like_query with data set #5" assertions="1" time="0.059236"/>
        <testcase name="test_like_query with data set #6" assertions="1" time="0.048760"/>
        <testcase name="test_like_query with data set #7" assertions="1" time="0.048285"/>
        <testcase name="test_like_query with data set #8" assertions="1" time="0.048274"/>
        <testcase name="test_like_query with data set #9" assertions="1" time="0.047662"/>
      </testsuite>
      <testcase name="test_wpdb_supposedly_protected_properties" class="Tests_DB" file="C:\svn\wordpress-develop\tests\phpunit\tests\db.php" line="223" assertions="5" time="0.047770"/>
      <testcase name="test_wpdb_actually_protected_properties" class="Tests_DB" file="C:\svn\wordpress-develop\tests\phpunit\tests\db.php" line="239" assertions="2" time="0.047497"/>
      <testcase name="test_wpdb_nonexistent_properties" class="Tests_DB" file="C:\svn\wordpress-develop\tests\phpunit\tests\db.php" line="254" assertions="4" time="0.047131"/>
      <testcase name="test_double_escaped_placeholders" class="Tests_DB" file="C:\svn\wordpress-develop\tests\phpunit\tests\db.php" line="269" assertions="1" time="0.046961"/>
      <testcase name="test_set_sql_mode" class="Tests_DB" file="C:\svn\wordpress-develop\tests\phpunit\tests\db.php" line="279" assertions="2" time="0.050550"/>
      <testcase name="test_set_incompatible_sql_mode" class="Tests_DB" file="C:\svn\wordpress-develop\tests\phpunit\tests\db.php" line="298" assertions="1" time="0.049371"/>
      <testcase name="test_set_allowed_incompatible_sql_mode" class="Tests_DB" file="C:\svn\wordpress-develop\tests\phpunit\tests\db.php" line="315" assertions="3" time="0.060897"/>
      <testcase name="test_prepare_without_arguments" class="Tests_DB" file="C:\svn\wordpress-develop\tests\phpunit\tests\db.php" line="348" assertions="1" time="0.046041"/>
      <testcase name="test_db_version" class="Tests_DB" file="C:\svn\wordpress-develop\tests\phpunit\tests\db.php" line="356" assertions="1" time="0.045481"/>
      <testcase name="test_get_caller" class="Tests_DB" file="C:\svn\wordpress-develop\tests\phpunit\tests\db.php" line="362" assertions="1" time="0.046684"/>
      <testcase name="test_has_cap" class="Tests_DB" file="C:\svn\wordpress-develop\tests\phpunit\tests\db.php" line="370" assertions="8" time="0.048926"/>
      <testcase name="test_supports_collation" class="Tests_DB" file="C:\svn\wordpress-develop\tests\phpunit\tests\db.php" line="391" assertions="1" time="0.044548"/>
      <testcase name="test_check_database_version" class="Tests_DB" file="C:\svn\wordpress-develop\tests\phpunit\tests\db.php" line="396" assertions="1" time="0.044439"/>
      <testcase name="test_bail" class="Tests_DB" file="C:\svn\wordpress-develop\tests\phpunit\tests\db.php" line="404" assertions="1" time="0.047146"/>
      <testcase name="test_timers" class="Tests_DB" file="C:\svn\wordpress-develop\tests\phpunit\tests\db.php" line="409" assertions="2" time="0.047301"/>
      <testcase name="test_get_col_info" class="Tests_DB" file="C:\svn\wordpress-develop\tests\phpunit\tests\db.php" line="420" assertions="3" time="0.050738"/>
      <testcase name="test_query_and_delete" class="Tests_DB" file="C:\svn\wordpress-develop\tests\phpunit\tests\db.php" line="430" assertions="3" time="0.095523"/>
      <testcase name="test_get_row" class="Tests_DB" file="C:\svn\wordpress-develop\tests\phpunit\tests\db.php" line="439" assertions="4" time="0.110439"/>
      <testcase name="test_replace" class="Tests_DB" file="C:\svn\wordpress-develop\tests\phpunit\tests\db.php" line="450" assertions="6" time="0.091968"/>
      <testcase name="test_empty_where_on_update" class="Tests_DB" file="C:\svn\wordpress-develop\tests\phpunit\tests\db.php" line="472" assertions="4" time="0.050836"/>
      <testcase name="test_mysqli_flush_sync" class="Tests_DB" file="C:\svn\wordpress-develop\tests\phpunit\tests\db.php" line="494" assertions="2" time="0.290842"/>
      <testsuite name="Tests_DB::test_get_table_from_query" tests="76" assertions="76" failures="0" errors="0" time="3.782339">
        <testcase name="test_get_table_from_query with data set #0" assertions="1" time="0.046711"/>
        <testcase name="test_get_table_from_query with data set #1" assertions="1" time="0.053983"/>
        <testcase name="test_get_table_from_query with data set #2" assertions="1" time="0.045599"/>
        <testcase name="test_get_table_from_query with data set #3" assertions="1" time="0.046266"/>
        <testcase name="test_get_table_from_query with data set #4" assertions="1" time="0.044993"/>
        <testcase name="test_get_table_from_query with data set #5" assertions="1" time="0.046006"/>
        <testcase name="test_get_table_from_query with data set #6" assertions="1" time="0.047729"/>
        <testcase name="test_get_table_from_query with data set #7" assertions="1" time="0.046522"/>
        <testcase name="test_get_table_from_query with data set #8" assertions="1" time="0.046296"/>
        <testcase name="test_get_table_from_query with data set #9" assertions="1" time="0.055072"/>
        <testcase name="test_get_table_from_query with data set #10" assertions="1" time="0.046556"/>
        <testcase name="test_get_table_from_query with data set #11" assertions="1" time="0.046415"/>
        <testcase name="test_get_table_from_query with data set #12" assertions="1" time="0.055114"/>
        <testcase name="test_get_table_from_query with data set #13" assertions="1" time="0.055996"/>
        <testcase name="test_get_table_from_query with data set #14" assertions="1" time="0.045076"/>
        <testcase name="test_get_table_from_query with data set #15" assertions="1" time="0.045668"/>
        <testcase name="test_get_table_from_query with data set #16" assertions="1" time="0.045349"/>
        <testcase name="test_get_table_from_query with data set #17" assertions="1" time="0.047203"/>
        <testcase name="test_get_table_from_query with data set #18" assertions="1" time="0.047615"/>
        <testcase name="test_get_table_from_query with data set #19" assertions="1" time="0.047490"/>
        <testcase name="test_get_table_from_query with data set #20" assertions="1" time="0.045481"/>
        <testcase name="test_get_table_from_query with data set #21" assertions="1" time="0.046606"/>
        <testcase name="test_get_table_from_query with data set #22" assertions="1" time="0.046850"/>
        <testcase name="test_get_table_from_query with data set #23" assertions="1" time="0.046403"/>
        <testcase name="test_get_table_from_query with data set #24" assertions="1" time="0.055320"/>
        <testcase name="test_get_table_from_query with data set #25" assertions="1" time="0.055536"/>
        <testcase name="test_get_table_from_query with data set #26" assertions="1" time="0.045765"/>
        <testcase name="test_get_table_from_query with data set #27" assertions="1" time="0.049546"/>
        <testcase name="test_get_table_from_query with data set #28" assertions="1" time="0.046953"/>
        <testcase name="test_get_table_from_query with data set #29" assertions="1" time="0.045331"/>
        <testcase name="test_get_table_from_query with data set #30" assertions="1" time="0.045234"/>
        <testcase name="test_get_table_from_query with data set #31" assertions="1" time="0.045315"/>
        <testcase name="test_get_table_from_query with data set #32" assertions="1" time="0.055314"/>
        <testcase name="test_get_table_from_query with data set #33" assertions="1" time="0.045604"/>
        <testcase name="test_get_table_from_query with data set #34" assertions="1" time="0.056393"/>
        <testcase name="test_get_table_from_query with data set #35" assertions="1" time="0.047264"/>
        <testcase name="test_get_table_from_query with data set #36" assertions="1" time="0.045855"/>
        <testcase name="test_get_table_from_query with data set #37" assertions="1" time="0.045024"/>
        <testcase name="test_get_table_from_query with data set #38" assertions="1" time="0.045516"/>
        <testcase name="test_get_table_from_query with data set #39" assertions="1" time="0.045703"/>
        <testcase name="test_get_table_from_query with data set #40" assertions="1" time="0.045932"/>
        <testcase name="test_get_table_from_query with data set #41" assertions="1" time="0.046169"/>
        <testcase name="test_get_table_from_query with data set #42" assertions="1" time="0.045845"/>
        <testcase name="test_get_table_from_query with data set #43" assertions="1" time="0.046417"/>
        <testcase name="test_get_table_from_query with data set #44" assertions="1" time="0.045388"/>
        <testcase name="test_get_table_from_query with data set #45" assertions="1" time="0.045423"/>
        <testcase name="test_get_table_from_query with data set #46" assertions="1" time="0.046143"/>
        <testcase name="test_get_table_from_query with data set #47" assertions="1" time="0.047434"/>
        <testcase name="test_get_table_from_query with data set #48" assertions="1" time="0.045366"/>
        <testcase name="test_get_table_from_query with data set #49" assertions="1" time="0.045274"/>
        <testcase name="test_get_table_from_query with data set #50" assertions="1" time="0.045479"/>
        <testcase name="test_get_table_from_query with data set #51" assertions="1" time="0.111039"/>
        <testcase name="test_get_table_from_query with data set #52" assertions="1" time="0.055183"/>
        <testcase name="test_get_table_from_query with data set #53" assertions="1" time="0.046216"/>
        <testcase name="test_get_table_from_query with data set #54" assertions="1" time="0.046313"/>
        <testcase name="test_get_table_from_query with data set #55" assertions="1" time="0.046163"/>
        <testcase name="test_get_table_from_query with data set #56" assertions="1" time="0.045547"/>
        <testcase name="test_get_table_from_query with data set #57" assertions="1" time="0.046069"/>
        <testcase name="test_get_table_from_query with data set #58" assertions="1" time="0.045871"/>
        <testcase name="test_get_table_from_query with data set #59" assertions="1" time="0.045468"/>
        <testcase name="test_get_table_from_query with data set #60" assertions="1" time="0.056581"/>
        <testcase name="test_get_table_from_query with data set #61" assertions="1" time="0.066740"/>
        <testcase name="test_get_table_from_query with data set #62" assertions="1" time="0.059930"/>
        <testcase name="test_get_table_from_query with data set #63" assertions="1" time="0.062503"/>
        <testcase name="test_get_table_from_query with data set #64" assertions="1" time="0.059026"/>
        <testcase name="test_get_table_from_query with data set #65" assertions="1" time="0.054157"/>
        <testcase name="test_get_table_from_query with data set #66" assertions="1" time="0.056383"/>
        <testcase name="test_get_table_from_query with data set #67" assertions="1" time="0.054687"/>
        <testcase name="test_get_table_from_query with data set #68" assertions="1" time="0.054361"/>
        <testcase name="test_get_table_from_query with data set #69" assertions="1" time="0.054219"/>
        <testcase name="test_get_table_from_query with data set #70" assertions="1" time="0.045252"/>
        <testcase name="test_get_table_from_query with data set #71" assertions="1" time="0.045097"/>
        <testcase name="test_get_table_from_query with data set #72" assertions="1" time="0.055189"/>
        <testcase name="test_get_table_from_query with data set #73" assertions="1" time="0.047587"/>
        <testcase name="test_get_table_from_query with data set #74" assertions="1" time="0.047657"/>
        <testcase name="test_get_table_from_query with data set #75" assertions="1" time="0.047559"/>
      </testsuite>
      <testsuite name="Tests_DB::test_get_table_from_query_false" tests="1" assertions="1" failures="0" errors="0" time="0.045854">
        <testcase name="test_get_table_from_query_false with data set #0" assertions="1" time="0.045854"/>
      </testsuite>
      <testsuite name="Tests_DB::test_process_field_formats" tests="5" assertions="5" failures="0" errors="0" time="0.248440">
        <testcase name="test_process_field_formats with data set #0" assertions="1" time="0.046433"/>
        <testcase name="test_process_field_formats with data set #1" assertions="1" time="0.056442"/>
        <testcase name="test_process_field_formats with data set #2" assertions="1" time="0.045951"/>
        <testcase name="test_process_field_formats with data set #3" assertions="1" time="0.054844"/>
        <testcase name="test_process_field_formats with data set #4" assertions="1" time="0.044770"/>
      </testsuite>
      <testcase name="test_process_fields" class="Tests_DB" file="C:\svn\wordpress-develop\tests\phpunit\tests\db.php" line="730" assertions="1" time="0.067187"/>
      <testcase name="test_process_fields_on_nonexistent_table" class="Tests_DB" file="C:\svn\wordpress-develop\tests\phpunit\tests\db.php" line="749" assertions="1" time="0.062741"/>
      <testcase name="test_pre_get_table_charset_filter" class="Tests_DB" file="C:\svn\wordpress-develop\tests\phpunit\tests\db.php" line="759" assertions="1" time="0.054617"/>
      <testcase name="test_pre_get_col_charset_filter" class="Tests_DB" file="C:\svn\wordpress-develop\tests\phpunit\tests\db.php" line="773" assertions="1" time="0.045552"/>
    </testsuite>
    <testsuite name="Tests_DB_Charset" file="C:\svn\wordpress-develop\tests\phpunit\tests\db\charset.php" tests="45" assertions="61" failures="0" errors="0" time="8.959005">
      <testsuite name="Tests_DB_Charset::test_strip_invalid_text" tests="10" assertions="10" failures="0" errors="0" time="0.505792">
        <testcase name="test_strip_invalid_text with data set #0" assertions="1" time="0.043565"/>
        <testcase name="test_strip_invalid_text with data set #1" assertions="1" time="0.053492"/>
        <testcase name="test_strip_invalid_text with data set #2" assertions="1" time="0.045744"/>
        <testcase name="test_strip_invalid_text with data set #3" assertions="1" time="0.054772"/>
        <testcase name="test_strip_invalid_text with data set #4" assertions="1" time="0.045312"/>
        <testcase name="test_strip_invalid_text with data set #5" assertions="1" time="0.078831"/>
        <testcase name="test_strip_invalid_text with data set #6" assertions="1" time="0.046195"/>
        <testcase name="test_strip_invalid_text with data set #7" assertions="1" time="0.043941"/>
        <testcase name="test_strip_invalid_text with data set #8" assertions="1" time="0.044369"/>
        <testcase name="test_strip_invalid_text with data set #9" assertions="1" time="0.049571"/>
      </testsuite>
      <testcase name="test_process_fields_failure" class="Tests_DB_Charset" file="C:\svn\wordpress-develop\tests\phpunit\tests\db\charset.php" line="133" assertions="1" time="0.056661"/>
      <testsuite name="Tests_DB_Charset::test_process_field_charsets" tests="3" assertions="3" failures="0" errors="0" time="0.132633">
        <testcase name="test_process_field_charsets with data set #0" assertions="1" time="0.044085"/>
        <testcase name="test_process_field_charsets with data set #1" assertions="1" time="0.044357"/>
        <testcase name="test_process_field_charsets with data set #2" assertions="1" time="0.044191"/>
      </testsuite>
      <testcase name="test_process_field_charsets_on_nonexistent_table" class="Tests_DB_Charset" file="C:\svn\wordpress-develop\tests\phpunit\tests\db\charset.php" line="193" assertions="1" time="0.052919"/>
      <testcase name="test_check_ascii" class="Tests_DB_Charset" file="C:\svn\wordpress-develop\tests\phpunit\tests\db\charset.php" line="203" assertions="1" time="0.044183"/>
      <testcase name="test_check_ascii_false" class="Tests_DB_Charset" file="C:\svn\wordpress-develop\tests\phpunit\tests\db\charset.php" line="211" assertions="1" time="0.053834"/>
      <testcase name="test_strip_invalid_text_for_column" class="Tests_DB_Charset" file="C:\svn\wordpress-develop\tests\phpunit\tests\db\charset.php" line="218" assertions="1" time="0.067149"/>
      <testsuite name="Tests_DB_Charset::test_get_table_charset" tests="8" assertions="8" failures="0" errors="0" time="2.294304">
        <testcase name="test_get_table_charset with data set #0" assertions="1" time="0.235752"/>
        <testcase name="test_get_table_charset with data set #1" assertions="1" time="0.252306"/>
        <testcase name="test_get_table_charset with data set #2" assertions="1" time="0.234185"/>
        <testcase name="test_get_table_charset with data set #3" assertions="1" time="0.254218"/>
[...]
      <testcase name="test_valid_term" class="Tests_XMLRPC_wp_getTerm" file="C:\svn\wordpress-develop\tests\phpunit\tests\xmlrpc\wp\getTerm.php" line="68" assertions="17" time="0.483091"/>
    </testsuite>
    <testsuite name="Tests_XMLRPC_wp_getTerms" file="C:\svn\wordpress-develop\tests\phpunit\tests\xmlrpc\wp\getTerms.php" tests="8" assertions="54" failures="0" errors="0" time="4.387627">
      <testcase name="test_invalid_username_password" class="Tests_XMLRPC_wp_getTerms" file="C:\svn\wordpress-develop\tests\phpunit\tests\xmlrpc\wp\getTerms.php" line="8" assertions="2" time="0.064364"/>
      <testcase name="test_empty_taxonomy" class="Tests_XMLRPC_wp_getTerms" file="C:\svn\wordpress-develop\tests\phpunit\tests\xmlrpc\wp\getTerms.php" line="14" assertions="3" time="0.429007"/>
      <testcase name="test_invalid_taxonomy" class="Tests_XMLRPC_wp_getTerms" file="C:\svn\wordpress-develop\tests\phpunit\tests\xmlrpc\wp\getTerms.php" line="23" assertions="3" time="0.403562"/>
      <testcase name="test_incapable_user" class="Tests_XMLRPC_wp_getTerms" file="C:\svn\wordpress-develop\tests\phpunit\tests\xmlrpc\wp\getTerms.php" line="32" assertions="3" time="0.396457"/>
      <testcase name="test_valid_terms" class="Tests_XMLRPC_wp_getTerms" file="C:\svn\wordpress-develop\tests\phpunit\tests\xmlrpc\wp\getTerms.php" line="41" assertions="11" time="0.474468"/>
      <testcase name="test_custom_taxonomy" class="Tests_XMLRPC_wp_getTerms" file="C:\svn\wordpress-develop\tests\phpunit\tests\xmlrpc\wp\getTerms.php" line="61" assertions="22" time="1.016812"/>
      <testcase name="test_term_ordering" class="Tests_XMLRPC_wp_getTerms" file="C:\svn\wordpress-develop\tests\phpunit\tests\xmlrpc\wp\getTerms.php" line="103" assertions="2" time="1.030403"/>
      <testcase name="test_terms_search" class="Tests_XMLRPC_wp_getTerms" file="C:\svn\wordpress-develop\tests\phpunit\tests\xmlrpc\wp\getTerms.php" line="127" assertions="8" time="0.572554"/>
    </testsuite>
    <testsuite name="Tests_XMLRPC_wp_getUser" file="C:\svn\wordpress-develop\tests\phpunit\tests\xmlrpc\wp\getUser.php" tests="8" assertions="46" failures="0" errors="0" time="5.079576">
      <testcase name="test_invalid_username_password" class="Tests_XMLRPC_wp_getUser" file="C:\svn\wordpress-develop\tests\phpunit\tests\xmlrpc\wp\getUser.php" line="26" assertions="2" time="0.665828"/>
      <testcase name="test_invalid_user" class="Tests_XMLRPC_wp_getUser" file="C:\svn\wordpress-develop\tests\phpunit\tests\xmlrpc\wp\getUser.php" line="32" assertions="2" time="0.444529"/>
      <testcase name="test_incapable_user" class="Tests_XMLRPC_wp_getUser" file="C:\svn\wordpress-develop\tests\phpunit\tests\xmlrpc\wp\getUser.php" line="38" assertions="2" time="0.771806"/>
      <testcase name="test_subscriber_self" class="Tests_XMLRPC_wp_getUser" file="C:\svn\wordpress-develop\tests\phpunit\tests\xmlrpc\wp\getUser.php" line="47" assertions="2" time="0.594715"/>
      <testcase name="test_valid_user" class="Tests_XMLRPC_wp_getUser" file="C:\svn\wordpress-develop\tests\phpunit\tests\xmlrpc\wp\getUser.php" line="55" assertions="27" time="0.646345"/>
      <testcase name="test_no_fields" class="Tests_XMLRPC_wp_getUser" file="C:\svn\wordpress-develop\tests\phpunit\tests\xmlrpc\wp\getUser.php" line="110" assertions="3" time="0.587680"/>
      <testcase name="test_basic_fields" class="Tests_XMLRPC_wp_getUser" file="C:\svn\wordpress-develop\tests\phpunit\tests\xmlrpc\wp\getUser.php" line="121" assertions="4" time="0.771577"/>
      <testcase name="test_arbitrary_fields" class="Tests_XMLRPC_wp_getUser" file="C:\svn\wordpress-develop\tests\phpunit\tests\xmlrpc\wp\getUser.php" line="135" assertions="4" time="0.597096"/>
    </testsuite>
    <testsuite name="Tests_XMLRPC_wp_getUsers" file="C:\svn\wordpress-develop\tests\phpunit\tests\xmlrpc\wp\getUsers.php" tests="7" assertions="31" failures="0" errors="0" time="7.015603">
      <testcase name="test_invalid_username_password" class="Tests_XMLRPC_wp_getUsers" file="C:\svn\wordpress-develop\tests\phpunit\tests\xmlrpc\wp\getUsers.php" line="9" assertions="2" time="0.061486"/>
      <testcase name="test_incapable_user" class="Tests_XMLRPC_wp_getUsers" file="C:\svn\wordpress-develop\tests\phpunit\tests\xmlrpc\wp\getUsers.php" line="15" assertions="2" time="0.395938"/>
      <testcase name="test_capable_user" class="Tests_XMLRPC_wp_getUsers" file="C:\svn\wordpress-develop\tests\phpunit\tests\xmlrpc\wp\getUsers.php" line="23" assertions="14" time="0.405989"/>
      <testcase name="test_invalid_role" class="Tests_XMLRPC_wp_getUsers" file="C:\svn\wordpress-develop\tests\phpunit\tests\xmlrpc\wp\getUsers.php" line="45" assertions="2" time="0.462701"/>
      <testcase name="test_role_filter" class="Tests_XMLRPC_wp_getUsers" file="C:\svn\wordpress-develop\tests\phpunit\tests\xmlrpc\wp\getUsers.php" line="56" assertions="5" time="1.164204"/>
      <testcase name="test_paging_filters" class="Tests_XMLRPC_wp_getUsers" file="C:\svn\wordpress-develop\tests\phpunit\tests\xmlrpc\wp\getUsers.php" line="77" assertions="1" time="3.682326"/>
      <testcase name="test_order_filters" class="Tests_XMLRPC_wp_getUsers" file="C:\svn\wordpress-develop\tests\phpunit\tests\xmlrpc\wp\getUsers.php" line="102" assertions="5" time="0.842959"/>
    </testsuite>
    <testsuite name="Tests_XMLRPC_wp_newPost" file="C:\svn\wordpress-develop\tests\phpunit\tests\xmlrpc\wp\newPost.php" tests="30" assertions="72" failures="0" errors="0" time="22.617749">
      <testcase name="test_invalid_username_password" class="Tests_XMLRPC_wp_newPost" file="C:\svn\wordpress-develop\tests\phpunit\tests\xmlrpc\wp\newPost.php" line="8" assertions="2" time="0.070106"/>
      <testcase name="test_incapable_user" class="Tests_XMLRPC_wp_newPost" file="C:\svn\wordpress-develop\tests\phpunit\tests\xmlrpc\wp\newPost.php" line="14" assertions="2" time="1.522114"/>
      <testcase name="test_no_content" class="Tests_XMLRPC_wp_newPost" file="C:\svn\wordpress-develop\tests\phpunit\tests\xmlrpc\wp\newPost.php" line="22" assertions="3" time="0.829124"/>
      <testcase name="test_basic_content" class="Tests_XMLRPC_wp_newPost" file="C:\svn\wordpress-develop\tests\phpunit\tests\xmlrpc\wp\newPost.php" line="31" assertions="2" time="1.016501"/>
      <testcase name="test_ignore_id" class="Tests_XMLRPC_wp_newPost" file="C:\svn\wordpress-develop\tests\phpunit\tests\xmlrpc\wp\newPost.php" line="40" assertions="2" time="1.739116"/>
      <testcase name="test_capable_publish" class="Tests_XMLRPC_wp_newPost" file="C:\svn\wordpress-develop\tests\phpunit\tests\xmlrpc\wp\newPost.php" line="49" assertions="1" time="0.953113"/>
      <testcase name="test_incapable_publish" class="Tests_XMLRPC_wp_newPost" file="C:\svn\wordpress-develop\tests\phpunit\tests\xmlrpc\wp\newPost.php" line="57" assertions="2" time="0.867286"/>
      <testcase name="test_capable_private" class="Tests_XMLRPC_wp_newPost" file="C:\svn\wordpress-develop\tests\phpunit\tests\xmlrpc\wp\newPost.php" line="66" assertions="1" time="0.959118"/>
      <testcase name="test_incapable_private" class="Tests_XMLRPC_wp_newPost" file="C:\svn\wordpress-develop\tests\phpunit\tests\xmlrpc\wp\newPost.php" line="74" assertions="2" time="0.741435"/>
      <testcase name="test_capable_other_author" class="Tests_XMLRPC_wp_newPost" file="C:\svn\wordpress-develop\tests\phpunit\tests\xmlrpc\wp\newPost.php" line="83" assertions="1" time="1.397011"/>
      <testcase name="test_incapable_other_author" class="Tests_XMLRPC_wp_newPost" file="C:\svn\wordpress-develop\tests\phpunit\tests\xmlrpc\wp\newPost.php" line="92" assertions="2" time="0.616572"/>
      <testcase name="test_invalid_author" class="Tests_XMLRPC_wp_newPost" file="C:\svn\wordpress-develop\tests\phpunit\tests\xmlrpc\wp\newPost.php" line="102" assertions="2" time="0.421846"/>
      <testcase name="test_empty_author" class="Tests_XMLRPC_wp_newPost" file="C:\svn\wordpress-develop\tests\phpunit\tests\xmlrpc\wp\newPost.php" line="111" assertions="4" time="0.575212"/>
      <testcase name="test_post_thumbnail" class="Tests_XMLRPC_wp_newPost" file="C:\svn\wordpress-develop\tests\phpunit\tests\xmlrpc\wp\newPost.php" line="124" assertions="3" time="0.793079"/>
      <testcase name="test_invalid_post_status" class="Tests_XMLRPC_wp_newPost" file="C:\svn\wordpress-develop\tests\phpunit\tests\xmlrpc\wp\newPost.php" line="151" assertions="2" time="0.588828"/>
      <testcase name="test_incapable_sticky" class="Tests_XMLRPC_wp_newPost" file="C:\svn\wordpress-develop\tests\phpunit\tests\xmlrpc\wp\newPost.php" line="160" assertions="2" time="0.488348"/>
      <testcase name="test_capable_sticky" class="Tests_XMLRPC_wp_newPost" file="C:\svn\wordpress-develop\tests\phpunit\tests\xmlrpc\wp\newPost.php" line="169" assertions="2" time="0.560708"/>
      <testcase name="test_private_sticky" class="Tests_XMLRPC_wp_newPost" file="C:\svn\wordpress-develop\tests\phpunit\tests\xmlrpc\wp\newPost.php" line="178" assertions="2" time="0.492790"/>
      <testcase name="test_post_format" class="Tests_XMLRPC_wp_newPost" file="C:\svn\wordpress-develop\tests\phpunit\tests\xmlrpc\wp\newPost.php" line="187" assertions="2" time="0.607205"/>
      <testcase name="test_invalid_post_format" class="Tests_XMLRPC_wp_newPost" file="C:\svn\wordpress-develop\tests\phpunit\tests\xmlrpc\wp\newPost.php" line="196" assertions="2" time="0.567692"/>
      <testcase name="test_invalid_taxonomy" class="Tests_XMLRPC_wp_newPost" file="C:\svn\wordpress-develop\tests\phpunit\tests\xmlrpc\wp\newPost.php" line="205" assertions="4" time="0.647560"/>
      <testcase name="test_invalid_term_id" class="Tests_XMLRPC_wp_newPost" file="C:\svn\wordpress-develop\tests\phpunit\tests\xmlrpc\wp\newPost.php" line="229" assertions="2" time="0.439745"/>
      <testcase name="test_terms" class="Tests_XMLRPC_wp_newPost" file="C:\svn\wordpress-develop\tests\phpunit\tests\xmlrpc\wp\newPost.php" line="243" assertions="7" time="1.502981"/>
      <testcase name="test_terms_names" class="Tests_XMLRPC_wp_newPost" file="C:\svn\wordpress-develop\tests\phpunit\tests\xmlrpc\wp\newPost.php" line="268" assertions="6" time="0.948335"/>
      <testcase name="test_invalid_post_date_does_not_fatal" class="Tests_XMLRPC_wp_newPost" file="C:\svn\wordpress-develop\tests\phpunit\tests\xmlrpc\wp\newPost.php" line="311" assertions="2" time="0.558878"/>
      <testcase name="test_invalid_post_date_gmt_does_not_fatal" class="Tests_XMLRPC_wp_newPost" file="C:\svn\wordpress-develop\tests\phpunit\tests\xmlrpc\wp\newPost.php" line="324" assertions="2" time="0.545640"/>
      <testcase name="test_valid_string_post_date" class="Tests_XMLRPC_wp_newPost" file="C:\svn\wordpress-develop\tests\phpunit\tests\xmlrpc\wp\newPost.php" line="337" assertions="2" time="0.525479"/>
      <testcase name="test_valid_string_post_date_gmt" class="Tests_XMLRPC_wp_newPost" file="C:\svn\wordpress-develop\tests\phpunit\tests\xmlrpc\wp\newPost.php" line="350" assertions="2" time="0.540730"/>
      <testcase name="test_valid_IXR_post_date" class="Tests_XMLRPC_wp_newPost" file="C:\svn\wordpress-develop\tests\phpunit\tests\xmlrpc\wp\newPost.php" line="363" assertions="2" time="0.525553"/>
      <testcase name="test_valid_IXR_post_date_gmt" class="Tests_XMLRPC_wp_newPost" file="C:\svn\wordpress-develop\tests\phpunit\tests\xmlrpc\wp\newPost.php" line="376" assertions="2" time="0.575643"/>
    </testsuite>
    <testsuite name="Tests_XMLRPC_wp_newTerm" file="C:\svn\wordpress-develop\tests\phpunit\tests\xmlrpc\wp\newTerm.php" tests="11" assertions="39" failures="0" errors="0" time="5.570344">
      <testcase name="test_invalid_username_password" class="Tests_XMLRPC_wp_newTerm" file="C:\svn\wordpress-develop\tests\phpunit\tests\xmlrpc\wp\newTerm.php" line="17" assertions="3" time="0.159521"/>
      <testcase name="test_empty_taxonomy" class="Tests_XMLRPC_wp_newTerm" file="C:\svn\wordpress-develop\tests\phpunit\tests\xmlrpc\wp\newTerm.php" line="23" assertions="4" time="0.723547"/>
      <testcase name="test_invalid_taxonomy" class="Tests_XMLRPC_wp_newTerm" file="C:\svn\wordpress-develop\tests\phpunit\tests\xmlrpc\wp\newTerm.php" line="32" assertions="4" time="0.827303"/>
      <testcase name="test_incapable_user" class="Tests_XMLRPC_wp_newTerm" file="C:\svn\wordpress-develop\tests\phpunit\tests\xmlrpc\wp\newTerm.php" line="41" assertions="4" time="0.465507"/>
      <testcase name="test_empty_term" class="Tests_XMLRPC_wp_newTerm" file="C:\svn\wordpress-develop\tests\phpunit\tests\xmlrpc\wp\newTerm.php" line="50" assertions="4" time="0.466005"/>
      <testcase name="test_parent_for_nonhierarchical" class="Tests_XMLRPC_wp_newTerm" file="C:\svn\wordpress-develop\tests\phpunit\tests\xmlrpc\wp\newTerm.php" line="59" assertions="4" time="0.456822"/>
      <testcase name="test_parent_invalid" class="Tests_XMLRPC_wp_newTerm" file="C:\svn\wordpress-develop\tests\phpunit\tests\xmlrpc\wp\newTerm.php" line="68" assertions="3" time="0.459840"/>
      <testcase name="test_parent_not_existing" class="Tests_XMLRPC_wp_newTerm" file="C:\svn\wordpress-develop\tests\phpunit\tests\xmlrpc\wp\newTerm.php" line="76" assertions="4" time="0.475006"/>
      <testcase name="test_add_term" class="Tests_XMLRPC_wp_newTerm" file="C:\svn\wordpress-develop\tests\phpunit\tests\xmlrpc\wp\newTerm.php" line="86" assertions="3" time="0.512999"/>
      <testcase name="test_add_term_with_parent" class="Tests_XMLRPC_wp_newTerm" file="C:\svn\wordpress-develop\tests\phpunit\tests\xmlrpc\wp\newTerm.php" line="94" assertions="3" time="0.540288"/>
      <testcase name="test_add_term_with_all" class="Tests_XMLRPC_wp_newTerm" file="C:\svn\wordpress-develop\tests\phpunit\tests\xmlrpc\wp\newTerm.php" line="102" assertions="3" time="0.483506"/>
    </testsuite>
    <testsuite name="Tests_XMLRPC_wp_restoreRevision" file="C:\svn\wordpress-develop\tests\phpunit\tests\xmlrpc\wp\restoreRevision.php" tests="4" assertions="7" failures="0" errors="0" time="2.283910">
      <testcase name="test_invalid_username_password" class="Tests_XMLRPC_wp_restoreRevision" file="C:\svn\wordpress-develop\tests\phpunit\tests\xmlrpc\wp\restoreRevision.php" line="24" assertions="2" time="0.298966"/>
      <testcase name="test_incapable_user" class="Tests_XMLRPC_wp_restoreRevision" file="C:\svn\wordpress-develop\tests\phpunit\tests\xmlrpc\wp\restoreRevision.php" line="30" assertions="2" time="0.608780"/>
      <testcase name="test_capable_user" class="Tests_XMLRPC_wp_restoreRevision" file="C:\svn\wordpress-develop\tests\phpunit\tests\xmlrpc\wp\restoreRevision.php" line="38" assertions="1" time="0.715201"/>
      <testcase name="test_revision_restored" class="Tests_XMLRPC_wp_restoreRevision" file="C:\svn\wordpress-develop\tests\phpunit\tests\xmlrpc\wp\restoreRevision.php" line="45" assertions="2" time="0.660963"/>
    </testsuite>
    <testsuite name="Tests_XMLRPC_wp_setOptions" file="C:\svn\wordpress-develop\tests\phpunit\tests\xmlrpc\wp\setOptions.php" tests="1" assertions="4" failures="0" errors="0" time="0.402356">
      <testcase name="test_set_option_no_escape_strings" class="Tests_XMLRPC_wp_setOptions" file="C:\svn\wordpress-develop\tests\phpunit\tests\xmlrpc\wp\setOptions.php" line="10" assertions="4" time="0.402356"/>
    </testsuite>
    <testsuite name="Tests_XMLRPC_wp_uploadFile" file="C:\svn\wordpress-develop\tests\phpunit\tests\xmlrpc\wp\uploadFile.php" tests="1" assertions="6" failures="0" errors="0" time="0.584522">
      <testcase name="test_valid_attachment" class="Tests_XMLRPC_wp_uploadFile" file="C:\svn\wordpress-develop\tests\phpunit\tests\xmlrpc\wp\uploadFile.php" line="8" assertions="6" time="0.584522"/>
    </testsuite>
    <testsuite name="Tests_Actions_Closures" file="C:\svn\wordpress-develop\tests\phpunit\tests\actions\closures.php" tests="1" assertions="4" failures="0" errors="0" time="0.046774">
      <testcase name="test_action_closure" class="Tests_Actions_Closures" file="C:\svn\wordpress-develop\tests\phpunit\tests\actions\closures.php" line="13" assertions="4" time="0.046774"/>
    </testsuite>
    <testsuite name="Tests_Image_Editor" file="C:\svn\wordpress-develop\tests\phpunit\tests\image\editor.php" tests="6" assertions="16" failures="0" errors="0" time="0.343133">
      <testcase name="test_get_editor_load_returns_true" class="Tests_Image_Editor" file="C:\svn\wordpress-develop\tests\phpunit\tests\image\editor.php" line="26" assertions="1" time="0.048058"/>
      <testcase name="test_get_editor_load_returns_false" class="Tests_Image_Editor" file="C:\svn\wordpress-develop\tests\phpunit\tests\image\editor.php" line="36" assertions="1" time="0.045900"/>
      <testcase name="test_set_quality" class="Tests_Image_Editor" file="C:\svn\wordpress-develop\tests\phpunit\tests\image\editor.php" line="50" assertions="5" time="0.073105"/>
      <testcase name="test_generate_filename" class="Tests_Image_Editor" file="C:\svn\wordpress-develop\tests\phpunit\tests\image\editor.php" line="76" assertions="5" time="0.079994"/>
      <testcase name="test_get_size" class="Tests_Image_Editor" file="C:\svn\wordpress-develop\tests\phpunit\tests\image\editor.php" line="108" assertions="2" time="0.048801"/>
      <testcase name="test_get_suffix" class="Tests_Image_Editor" file="C:\svn\wordpress-develop\tests\phpunit\tests\image\editor.php" line="131" assertions="2" time="0.047275"/>
    </testsuite>
    <testsuite name="Tests_Image_Editor_GD" file="C:\svn\wordpress-develop\tests\phpunit\tests\image\editor_gd.php" tests="11" assertions="38" failures="0" errors="0" time="1.584345">
      <testcase name="test_supports_mime_type" class="Tests_Image_Editor_GD" file="C:\svn\wordpress-develop\tests\phpunit\tests\image\editor_gd.php" line="37" assertions="3" time="0.057538"/>
      <testcase name="test_resize" class="Tests_Image_Editor_GD" file="C:\svn\wordpress-develop\tests\phpunit\tests\image\editor_gd.php" line="48" assertions="1" time="0.087552"/>
      <testcase name="test_single_multi_resize" class="Tests_Image_Editor_GD" file="C:\svn\wordpress-develop\tests\phpunit\tests\image\editor_gd.php" line="68" assertions="3" time="0.100479"/>
      <testcase name="test_multi_resize_does_not_create" class="Tests_Image_Editor_GD" file="C:\svn\wordpress-develop\tests\phpunit\tests\image\editor_gd.php" line="110" assertions="1" time="0.070979"/>
      <testcase name="test_multi_resize" class="Tests_Image_Editor_GD" file="C:\svn\wordpress-develop\tests\phpunit\tests\image\editor_gd.php" line="178" assertions="22" time="0.377987"/>
      <testcase name="test_resize_and_crop" class="Tests_Image_Editor_GD" file="C:\svn\wordpress-develop\tests\phpunit\tests\image\editor_gd.php" line="382" assertions="1" time="0.084719"/>
      <testcase name="test_crop" class="Tests_Image_Editor_GD" file="C:\svn\wordpress-develop\tests\phpunit\tests\image\editor_gd.php" line="402" assertions="1" time="0.219584"/>
      <testcase name="test_rotate" class="Tests_Image_Editor_GD" file="C:\svn\wordpress-develop\tests\phpunit\tests\image\editor_gd.php" line="422" assertions="1" time="0.056589"/>
      <testcase name="test_flip" class="Tests_Image_Editor_GD" file="C:\svn\wordpress-develop\tests\phpunit\tests\image\editor_gd.php" line="441" assertions="1" time="0.059676"/>
      <testcase name="test_image_preserves_alpha_on_resize" class="Tests_Image_Editor_GD" file="C:\svn\wordpress-develop\tests\phpunit\tests\image\editor_gd.php" line="462" assertions="2" time="0.399363"/>
      <testcase name="test_image_preserves_alpha" class="Tests_Image_Editor_GD" file="C:\svn\wordpress-develop\tests\phpunit\tests\image\editor_gd.php" line="485" assertions="2" time="0.069879"/>
    </testsuite>
    <testsuite name="Tests_Image_Editor_Imagick" file="C:\svn\wordpress-develop\tests\phpunit\tests\image\editor_imagick.php" tests="0" assertions="0" failures="0" errors="0" time="0.000000"/>
  </testsuite>
</testsuites>
